<?xml version="1.0" encoding="utf-8"?>
<!DOCTYPE coverage SYSTEM "http://cobertura.sourceforge.net/xml/coverage-04.dtd">
<coverage line-rate="0.9964349376114082" branch-rate="0.9747899159663865" lines-covered="559" lines-valid="561" branches-covered="232" branches-valid="238" complexity="520" version="0" timestamp="1737910241">
  <sources>
    <source>c:\agent\_work\9\s\Code\PropertyGridHelpers\</source>
  </sources>
  <packages>
    <package name="PropertyGridHelpers" line-rate="0.9964349376114082" branch-rate="0.9747899159663865" complexity="520">
      <classes>
        <class name="PropertyGridHelpers.Attributes.DynamicPathSourceAttribute" filename="c:\agent\_work\9\s\Code\PropertyGridHelpers\Attributes\DynamicPathSourceAttribute.cs" line-rate="1" branch-rate="1" complexity="2">
          <methods>
            <method name="get_PathPropertyName" signature="()" line-rate="1" branch-rate="1" complexity="1">
              <lines>
                <line number="36" hits="16" branch="false" />
              </lines>
            </method>
            <method name=".ctor" signature="(System.String)" line-rate="1" branch-rate="1" complexity="1">
              <lines>
                <line number="15" hits="16" branch="false" />
                <line number="36" hits="16" branch="false" />
                <line number="38" hits="16" branch="false" />
              </lines>
            </method>
          </methods>
          <lines>
            <line number="15" hits="16" branch="false" />
            <line number="36" hits="16" branch="false" />
            <line number="38" hits="16" branch="false" />
          </lines>
        </class>
        <class name="PropertyGridHelpers.Attributes.EnumImageAttribute" filename="c:\agent\_work\9\s\Code\PropertyGridHelpers\Attributes\EnumImageAttribute.cs" line-rate="1" branch-rate="1" complexity="18">
          <methods>
            <method name="get_EnumImage" signature="()" line-rate="1" branch-rate="1" complexity="1">
              <lines>
                <line number="57" hits="112" branch="false" />
              </lines>
            </method>
            <method name="get_ImageLocation" signature="()" line-rate="1" branch-rate="1" complexity="1">
              <lines>
                <line number="67" hits="88" branch="false" />
              </lines>
            </method>
            <method name="GetEnumImage" signature="(System.Enum)" line-rate="1" branch-rate="1" complexity="4">
              <lines>
                <line number="76" hits="52" branch="false" />
                <line number="77" hits="104" branch="false" />
                <line number="78" hits="104" branch="true" condition-coverage="100% (2/2)" />
                <line number="79" hits="8" branch="false" />
                <line number="80" hits="96" branch="false" />
                <line number="81" hits="96" branch="true" condition-coverage="100% (2/2)" />
                <line number="82" hits="8" branch="false" />
                <line number="83" hits="96" branch="false" />
                <line number="84" hits="52" branch="false" />
              </lines>
            </method>
            <method name="Exists" signature="(System.Enum)" line-rate="1" branch-rate="1" complexity="1">
              <lines>
                <line number="91" hits="16" branch="false" />
              </lines>
            </method>
            <method name="Get" signature="(System.Enum)" line-rate="1" branch-rate="1" complexity="2">
              <lines>
                <line number="99" hits="120" branch="false" />
                <line number="100" hits="240" branch="true" condition-coverage="100% (2/2)" />
                <line number="101" hits="24" branch="false" />
                <line number="102" hits="216" branch="false" />
                <line number="103" hits="216" branch="false" />
                <line number="104" hits="120" branch="false" />
              </lines>
            </method>
            <method name=".ctor" signature="()" line-rate="1" branch-rate="1" complexity="1">
              <lines>
                <line number="22" hits="8" branch="false" />
                <line number="23" hits="4" branch="false" />
                <line number="24" hits="8" branch="false" />
                <line number="25" hits="8" branch="false" />
                <line number="26" hits="8" branch="false" />
              </lines>
            </method>
            <method name=".ctor" signature="(PropertyGridHelpers.Enums.ImageLocation)" line-rate="1" branch-rate="1" complexity="1">
              <lines>
                <line number="32" hits="16" branch="false" />
                <line number="33" hits="8" branch="false" />
                <line number="34" hits="16" branch="false" />
                <line number="35" hits="16" branch="false" />
                <line number="36" hits="16" branch="false" />
              </lines>
            </method>
            <method name=".ctor" signature="(System.String,PropertyGridHelpers.Enums.ImageLocation)" line-rate="1" branch-rate="1" complexity="1">
              <lines>
                <line number="43" hits="184" branch="false" />
                <line number="44" hits="92" branch="false" />
                <line number="45" hits="184" branch="false" />
                <line number="46" hits="184" branch="false" />
                <line number="47" hits="184" branch="false" />
              </lines>
            </method>
            <method name="GetEnumImage" signature="(System.Enum)" line-rate="1" branch-rate="1" complexity="4">
              <lines>
                <line number="77" hits="104" branch="false" />
                <line number="78" hits="104" branch="true" condition-coverage="100% (2/2)" />
                <line number="79" hits="8" branch="false" />
                <line number="80" hits="96" branch="false" />
                <line number="81" hits="96" branch="true" condition-coverage="100% (2/2)" />
                <line number="82" hits="8" branch="false" />
                <line number="83" hits="96" branch="false" />
              </lines>
            </method>
            <method name="Get" signature="(System.Enum)" line-rate="1" branch-rate="1" complexity="2">
              <lines>
                <line number="100" hits="240" branch="true" condition-coverage="100% (2/2)" />
                <line number="101" hits="24" branch="false" />
                <line number="102" hits="216" branch="false" />
                <line number="103" hits="216" branch="false" />
              </lines>
            </method>
          </methods>
          <lines>
            <line number="22" hits="8" branch="false" />
            <line number="23" hits="4" branch="false" />
            <line number="24" hits="8" branch="false" />
            <line number="25" hits="8" branch="false" />
            <line number="26" hits="8" branch="false" />
            <line number="32" hits="16" branch="false" />
            <line number="33" hits="8" branch="false" />
            <line number="34" hits="16" branch="false" />
            <line number="35" hits="16" branch="false" />
            <line number="36" hits="16" branch="false" />
            <line number="43" hits="184" branch="false" />
            <line number="44" hits="92" branch="false" />
            <line number="45" hits="184" branch="false" />
            <line number="46" hits="184" branch="false" />
            <line number="47" hits="184" branch="false" />
            <line number="57" hits="112" branch="false" />
            <line number="67" hits="88" branch="false" />
            <line number="76" hits="52" branch="false" />
            <line number="77" hits="104" branch="false" />
            <line number="78" hits="104" branch="true" condition-coverage="100% (2/2)" />
            <line number="79" hits="8" branch="false" />
            <line number="80" hits="96" branch="false" />
            <line number="81" hits="96" branch="true" condition-coverage="100% (2/2)" />
            <line number="82" hits="8" branch="false" />
            <line number="83" hits="96" branch="false" />
            <line number="84" hits="52" branch="false" />
            <line number="91" hits="16" branch="false" />
            <line number="99" hits="120" branch="false" />
            <line number="100" hits="240" branch="true" condition-coverage="100% (2/2)" />
            <line number="101" hits="24" branch="false" />
            <line number="102" hits="216" branch="false" />
            <line number="103" hits="216" branch="false" />
            <line number="104" hits="120" branch="false" />
          </lines>
        </class>
        <class name="PropertyGridHelpers.Attributes.EnumTextAttribute" filename="c:\agent\_work\9\s\Code\PropertyGridHelpers\Attributes\EnumTextAttribute.cs" line-rate="1" branch-rate="1" complexity="7">
          <methods>
            <method name="get_EnumText" signature="()" line-rate="1" branch-rate="1" complexity="1">
              <lines>
                <line number="36" hits="264" branch="false" />
              </lines>
            </method>
            <method name="Exists" signature="(System.Enum)" line-rate="1" branch-rate="1" complexity="1">
              <lines>
                <line number="48" hits="24" branch="false" />
              </lines>
            </method>
            <method name="Get" signature="(System.Enum)" line-rate="1" branch-rate="1" complexity="2">
              <lines>
                <line number="56" hits="24" branch="false" />
                <line number="57" hits="48" branch="true" condition-coverage="100% (2/2)" />
                <line number="58" hits="16" branch="false" />
                <line number="59" hits="32" branch="false" />
                <line number="60" hits="32" branch="false" />
                <line number="61" hits="24" branch="false" />
              </lines>
            </method>
            <method name=".ctor" signature="(System.String)" line-rate="1" branch-rate="1" complexity="1">
              <lines>
                <line number="11" hits="264" branch="false" />
                <line number="36" hits="264" branch="false" />
                <line number="38" hits="264" branch="false" />
              </lines>
            </method>
            <method name="Get" signature="(System.Enum)" line-rate="1" branch-rate="1" complexity="2">
              <lines>
                <line number="57" hits="48" branch="true" condition-coverage="100% (2/2)" />
                <line number="58" hits="16" branch="false" />
                <line number="59" hits="32" branch="false" />
                <line number="60" hits="32" branch="false" />
              </lines>
            </method>
          </methods>
          <lines>
            <line number="11" hits="264" branch="false" />
            <line number="36" hits="264" branch="false" />
            <line number="38" hits="264" branch="false" />
            <line number="48" hits="24" branch="false" />
            <line number="56" hits="24" branch="false" />
            <line number="57" hits="48" branch="true" condition-coverage="100% (2/2)" />
            <line number="58" hits="16" branch="false" />
            <line number="59" hits="32" branch="false" />
            <line number="60" hits="32" branch="false" />
            <line number="61" hits="24" branch="false" />
          </lines>
        </class>
        <class name="PropertyGridHelpers.Attributes.FileExtensionAttribute" filename="c:\agent\_work\9\s\Code\PropertyGridHelpers\Attributes\FileExtensionAttribute.cs" line-rate="1" branch-rate="1" complexity="19">
          <methods>
            <method name="get_PropertyName" signature="()" line-rate="1" branch-rate="1" complexity="1">
              <lines>
                <line number="47" hits="64" branch="false" />
              </lines>
            </method>
            <method name="Exists" signature="(System.ComponentModel.ITypeDescriptorContext)" line-rate="1" branch-rate="1" complexity="1">
              <lines>
                <line number="64" hits="16" branch="false" />
              </lines>
            </method>
            <method name="Get" signature="(System.ComponentModel.ITypeDescriptorContext)" line-rate="1" branch-rate="1" complexity="8">
              <lines>
                <line number="72" hits="40" branch="false" />
                <line number="73" hits="80" branch="true" condition-coverage="100% (6/6)" />
                <line number="74" hits="80" branch="false" />
                <line number="75" hits="80" branch="false" />
                <line number="76" hits="8" branch="false" />
                <line number="77" hits="72" branch="true" condition-coverage="100% (2/2)" />
                <line number="78" hits="72" branch="false" />
                <line number="79" hits="64" branch="false" />
                <line number="80" hits="36" branch="false" />
              </lines>
            </method>
            <method name=".ctor" signature="(System.String)" line-rate="1" branch-rate="1" complexity="1">
              <lines>
                <line number="21" hits="80" branch="false" />
                <line number="47" hits="64" branch="false" />
                <line number="49" hits="80" branch="false" />
              </lines>
            </method>
            <method name="Get" signature="(System.ComponentModel.ITypeDescriptorContext)" line-rate="1" branch-rate="1" complexity="8">
              <lines>
                <line number="73" hits="80" branch="true" condition-coverage="100% (6/6)" />
                <line number="74" hits="80" branch="false" />
                <line number="75" hits="80" branch="false" />
                <line number="76" hits="8" branch="false" />
                <line number="77" hits="72" branch="true" condition-coverage="100% (2/2)" />
                <line number="78" hits="72" branch="false" />
                <line number="79" hits="64" branch="false" />
              </lines>
            </method>
          </methods>
          <lines>
            <line number="21" hits="80" branch="false" />
            <line number="47" hits="64" branch="false" />
            <line number="49" hits="80" branch="false" />
            <line number="64" hits="16" branch="false" />
            <line number="72" hits="40" branch="false" />
            <line number="73" hits="80" branch="true" condition-coverage="100% (6/6)" />
            <line number="74" hits="80" branch="false" />
            <line number="75" hits="80" branch="false" />
            <line number="76" hits="8" branch="false" />
            <line number="77" hits="72" branch="true" condition-coverage="100% (2/2)" />
            <line number="78" hits="72" branch="false" />
            <line number="79" hits="64" branch="false" />
            <line number="80" hits="36" branch="false" />
          </lines>
        </class>
        <class name="PropertyGridHelpers.Attributes.LocalizedCategoryAttribute" filename="c:\agent\_work\9\s\Code\PropertyGridHelpers\Attributes\LocalizedCategoryAttribute.cs" line-rate="1" branch-rate="1" complexity="1">
          <methods>
            <method name=".ctor" signature="(System.String,System.Type)" line-rate="1" branch-rate="1" complexity="1">
              <lines>
                <line number="14" hits="16" branch="false" />
              </lines>
            </method>
          </methods>
          <lines>
            <line number="14" hits="16" branch="false" />
          </lines>
        </class>
        <class name="PropertyGridHelpers.Attributes.LocalizedDescriptionAttribute" filename="c:\agent\_work\9\s\Code\PropertyGridHelpers\Attributes\LocalizedDescriptionAttribute.cs" line-rate="1" branch-rate="1" complexity="1">
          <methods>
            <method name=".ctor" signature="(System.String,System.Type)" line-rate="1" branch-rate="1" complexity="1">
              <lines>
                <line number="14" hits="8" branch="false" />
              </lines>
            </method>
          </methods>
          <lines>
            <line number="14" hits="8" branch="false" />
          </lines>
        </class>
        <class name="PropertyGridHelpers.Attributes.LocalizedDisplayNameAttribute" filename="c:\agent\_work\9\s\Code\PropertyGridHelpers\Attributes\LocalizedDisplayNameAttribute.cs" line-rate="1" branch-rate="1" complexity="1">
          <methods>
            <method name=".ctor" signature="(System.String,System.Type)" line-rate="1" branch-rate="1" complexity="1">
              <lines>
                <line number="14" hits="8" branch="false" />
              </lines>
            </method>
          </methods>
          <lines>
            <line number="14" hits="8" branch="false" />
          </lines>
        </class>
        <class name="PropertyGridHelpers.Attributes.ResourcePathAttribute" filename="c:\agent\_work\9\s\Code\PropertyGridHelpers\Attributes\ResourcePathAttribute.cs" line-rate="1" branch-rate="1" complexity="2">
          <methods>
            <method name="get_ResourcePath" signature="()" line-rate="1" branch-rate="1" complexity="1">
              <lines>
                <line number="28" hits="56" branch="false" />
              </lines>
            </method>
            <method name=".ctor" signature="(System.String)" line-rate="1" branch-rate="1" complexity="1">
              <lines>
                <line number="11" hits="56" branch="false" />
                <line number="28" hits="56" branch="false" />
                <line number="30" hits="56" branch="false" />
              </lines>
            </method>
          </methods>
          <lines>
            <line number="11" hits="56" branch="false" />
            <line number="28" hits="56" branch="false" />
            <line number="30" hits="56" branch="false" />
          </lines>
        </class>
        <class name="PropertyGridHelpers.Controls.FlagCheckedListBox" filename="c:\agent\_work\9\s\Code\PropertyGridHelpers\Controls\FlagCheckedListBox.cs" line-rate="1" branch-rate="1" complexity="77">
          <methods>
            <method name="Dispose" signature="(System.Boolean)" line-rate="1" branch-rate="1" complexity="1">
              <lines>
                <line number="24" hits="208" branch="false" />
              </lines>
            </method>
            <method name="InitializeComponent" signature="()" line-rate="1" branch-rate="1" complexity="1">
              <lines>
                <line number="31" hits="216" branch="false" />
              </lines>
            </method>
            <method name="Add" signature="(System.Int32,System.String)" line-rate="1" branch-rate="1" complexity="1">
              <lines>
                <line number="42" hits="180" branch="false" />
                <line number="43" hits="360" branch="false" />
                <line number="44" hits="360" branch="false" />
                <line number="45" hits="360" branch="false" />
                <line number="46" hits="180" branch="false" />
              </lines>
            </method>
            <method name="Clear" signature="()" line-rate="1" branch-rate="1" complexity="1">
              <lines>
                <line number="51" hits="8" branch="false" />
              </lines>
            </method>
            <method name="Add" signature="(PropertyGridHelpers.Controls.FlagCheckedListBoxItem)" line-rate="1" branch-rate="1" complexity="1">
              <lines>
                <line number="59" hits="36" branch="false" />
                <line number="60" hits="72" branch="false" />
                <line number="61" hits="64" branch="false" />
                <line number="62" hits="32" branch="false" />
              </lines>
            </method>
            <method name="OnItemCheck" signature="(System.Windows.Forms.ItemCheckEventArgs)" line-rate="1" branch-rate="1" complexity="4">
              <lines>
                <line number="69" hits="96" branch="false" />
                <line number="70" hits="192" branch="false" />
                <line number="72" hits="192" branch="true" condition-coverage="100% (2/2)" />
                <line number="74" hits="192" branch="true" condition-coverage="100% (2/2)" />
                <line number="75" hits="152" branch="false" />
                <line number="78" hits="40" branch="false" />
                <line number="80" hits="40" branch="false" />
                <line number="81" hits="116" branch="false" />
              </lines>
            </method>
            <method name="UpdateCheckedItems" signature="(System.Int32)" line-rate="1" branch-rate="1" complexity="6">
              <lines>
                <line number="88" hits="76" branch="false" />
                <line number="89" hits="152" branch="false" />
                <line number="92" hits="1136" branch="true" condition-coverage="100% (2/2)" />
                <line number="93" hits="208" branch="false" />
                <line number="94" hits="416" branch="false" />
                <line number="96" hits="416" branch="true" condition-coverage="100% (2/2)" />
                <line number="99" hits="64" branch="false" />
                <line number="100" hits="64" branch="false" />
                <line number="103" hits="352" branch="true" condition-coverage="100% (2/2)" />
                <line number="104" hits="176" branch="false" />
                <line number="106" hits="208" branch="false" />
                <line number="108" hits="152" branch="false" />
                <line number="109" hits="152" branch="false" />
              </lines>
            </method>
            <method name="UpdateCheckedItems" signature="(PropertyGridHelpers.Controls.FlagCheckedListBoxItem,System.Windows.Forms.CheckState)" line-rate="1" branch-rate="1" complexity="12">
              <lines>
                <line number="119" hits="36" branch="false" />
                <line number="121" hits="72" branch="true" condition-coverage="100% (4/4)" />
                <line number="122" hits="8" branch="false" />
                <line number="125" hits="72" branch="false" />
                <line number="126" hits="368" branch="true" condition-coverage="100% (2/2)" />
                <line number="127" hits="56" branch="false" />
                <line number="128" hits="112" branch="false" />
                <line number="131" hits="112" branch="true" condition-coverage="100% (2/2)" />
                <line number="132" hits="40" branch="false" />
                <line number="133" hits="56" branch="false" />
                <line number="136" hits="72" branch="true" condition-coverage="100% (2/2)" />
                <line number="137" hits="32" branch="false" />
                <line number="139" hits="64" branch="true" condition-coverage="100% (2/2)" />
                <line number="140" hits="8" branch="false" />
                <line number="143" hits="56" branch="false" />
                <line number="144" hits="32" branch="false" />
                <line number="147" hits="72" branch="false" />
                <line number="148" hits="72" branch="false" />
              </lines>
            </method>
            <method name="GetCurrentValue" signature="()" line-rate="1" branch-rate="1" complexity="4">
              <lines>
                <line number="158" hits="56" branch="false" />
                <line number="159" hits="112" branch="false" />
                <line number="161" hits="928" branch="true" condition-coverage="100% (2/2)" />
                <line number="162" hits="176" branch="false" />
                <line number="163" hits="352" branch="false" />
                <line number="165" hits="352" branch="true" condition-coverage="100% (2/2)" />
                <line number="166" hits="128" branch="false" />
                <line number="167" hits="176" branch="false" />
                <line number="169" hits="112" branch="false" />
                <line number="170" hits="56" branch="false" />
              </lines>
            </method>
            <method name="FillEnumMembers" signature="()" line-rate="1" branch-rate="1" complexity="4">
              <lines>
                <line number="179" hits="36" branch="false" />
                <line number="180" hits="772" branch="true" condition-coverage="100% (2/2)" />
                <line number="181" hits="148" branch="false" />
                <line number="182" hits="296" branch="false" />
                <line number="183" hits="296" branch="true" condition-coverage="100% (2/2)" />
                <line number="184" hits="296" branch="false" />
                <line number="186" hits="296" branch="false" />
                <line number="187" hits="148" branch="false" />
                <line number="188" hits="72" branch="false" />
              </lines>
            </method>
            <method name="ApplyEnumValue" signature="()" line-rate="1" branch-rate="1" complexity="1">
              <lines>
                <line number="195" hits="36" branch="false" />
                <line number="196" hits="72" branch="false" />
                <line number="197" hits="72" branch="false" />
                <line number="198" hits="72" branch="false" />
              </lines>
            </method>
            <method name="get_EnumValue" signature="()" line-rate="1" branch-rate="1" complexity="1">
              <lines>
                <line number="210" hits="32" branch="false" />
                <line number="211" hits="64" branch="false" />
                <line number="212" hits="64" branch="false" />
                <line number="213" hits="32" branch="false" />
              </lines>
            </method>
            <method name="set_EnumValue" signature="(System.Enum)" line-rate="1" branch-rate="1" complexity="2">
              <lines>
                <line number="215" hits="44" branch="false" />
                <line number="217" hits="88" branch="false" />
                <line number="222" hits="80" branch="false" />
                <line number="223" hits="80" branch="false" />
                <line number="224" hits="80" branch="true" condition-coverage="100% (2/2)" />
                <line number="225" hits="8" branch="false" />
                <line number="226" hits="72" branch="false" />
                <line number="227" hits="72" branch="false" />
                <line number="228" hits="72" branch="false" />
                <line number="229" hits="72" branch="false" />
              </lines>
            </method>
            <method name="get_Converter" signature="()" line-rate="1" branch-rate="1" complexity="1">
              <lines>
                <line number="241" hits="568" branch="false" />
              </lines>
            </method>
            <method name=".ctor" signature="()" line-rate="1" branch-rate="1" complexity="1">
              <lines>
                <line number="18" hits="432" branch="false" />
              </lines>
            </method>
            <method name="Add" signature="(System.Int32,System.String)" line-rate="1" branch-rate="1" complexity="1">
              <lines>
                <line number="43" hits="360" branch="false" />
                <line number="44" hits="360" branch="false" />
                <line number="45" hits="360" branch="false" />
              </lines>
            </method>
            <method name="Add" signature="(PropertyGridHelpers.Controls.FlagCheckedListBoxItem)" line-rate="1" branch-rate="1" complexity="1">
              <lines>
                <line number="60" hits="72" branch="false" />
                <line number="61" hits="64" branch="false" />
              </lines>
            </method>
            <method name="OnItemCheck" signature="(System.Windows.Forms.ItemCheckEventArgs)" line-rate="1" branch-rate="1" complexity="4">
              <lines>
                <line number="70" hits="192" branch="false" />
                <line number="72" hits="192" branch="true" condition-coverage="100% (2/2)" />
                <line number="74" hits="192" branch="true" condition-coverage="100% (2/2)" />
                <line number="75" hits="152" branch="false" />
                <line number="78" hits="40" branch="false" />
                <line number="80" hits="40" branch="false" />
                <line number="81" hits="116" branch="false" />
              </lines>
            </method>
            <method name="UpdateCheckedItems" signature="(System.Int32)" line-rate="1" branch-rate="1" complexity="6">
              <lines>
                <line number="89" hits="152" branch="false" />
                <line number="92" hits="1136" branch="true" condition-coverage="100% (2/2)" />
                <line number="93" hits="208" branch="false" />
                <line number="94" hits="416" branch="false" />
                <line number="96" hits="416" branch="true" condition-coverage="100% (2/2)" />
                <line number="99" hits="64" branch="false" />
                <line number="100" hits="64" branch="false" />
                <line number="103" hits="352" branch="true" condition-coverage="100% (2/2)" />
                <line number="104" hits="176" branch="false" />
                <line number="106" hits="208" branch="false" />
                <line number="108" hits="152" branch="false" />
                <line number="109" hits="152" branch="false" />
              </lines>
            </method>
            <method name="UpdateCheckedItems" signature="(PropertyGridHelpers.Controls.FlagCheckedListBoxItem,System.Windows.Forms.CheckState)" line-rate="1" branch-rate="1" complexity="12">
              <lines>
                <line number="121" hits="72" branch="true" condition-coverage="100% (4/4)" />
                <line number="122" hits="8" branch="false" />
                <line number="125" hits="72" branch="false" />
                <line number="126" hits="368" branch="true" condition-coverage="100% (2/2)" />
                <line number="127" hits="56" branch="false" />
                <line number="128" hits="112" branch="false" />
                <line number="131" hits="112" branch="true" condition-coverage="100% (2/2)" />
                <line number="132" hits="40" branch="false" />
                <line number="133" hits="56" branch="false" />
                <line number="136" hits="72" branch="true" condition-coverage="100% (2/2)" />
                <line number="137" hits="32" branch="false" />
                <line number="139" hits="64" branch="true" condition-coverage="100% (2/2)" />
                <line number="140" hits="8" branch="false" />
                <line number="143" hits="56" branch="false" />
                <line number="144" hits="32" branch="false" />
                <line number="147" hits="72" branch="false" />
                <line number="148" hits="72" branch="false" />
              </lines>
            </method>
            <method name="GetCurrentValue" signature="()" line-rate="1" branch-rate="1" complexity="4">
              <lines>
                <line number="159" hits="112" branch="false" />
                <line number="161" hits="928" branch="true" condition-coverage="100% (2/2)" />
                <line number="162" hits="176" branch="false" />
                <line number="163" hits="352" branch="false" />
                <line number="165" hits="352" branch="true" condition-coverage="100% (2/2)" />
                <line number="166" hits="128" branch="false" />
                <line number="167" hits="176" branch="false" />
                <line number="169" hits="112" branch="false" />
              </lines>
            </method>
            <method name="FillEnumMembers" signature="()" line-rate="1" branch-rate="1" complexity="4">
              <lines>
                <line number="180" hits="772" branch="true" condition-coverage="100% (2/2)" />
                <line number="181" hits="148" branch="false" />
                <line number="182" hits="296" branch="false" />
                <line number="183" hits="296" branch="true" condition-coverage="100% (2/2)" />
                <line number="184" hits="296" branch="false" />
                <line number="186" hits="296" branch="false" />
                <line number="187" hits="148" branch="false" />
                <line number="188" hits="72" branch="false" />
              </lines>
            </method>
            <method name="ApplyEnumValue" signature="()" line-rate="1" branch-rate="1" complexity="1">
              <lines>
                <line number="196" hits="72" branch="false" />
                <line number="197" hits="72" branch="false" />
                <line number="198" hits="72" branch="false" />
              </lines>
            </method>
            <method name="get_EnumValue" signature="()" line-rate="1" branch-rate="1" complexity="1">
              <lines>
                <line number="211" hits="64" branch="false" />
                <line number="212" hits="64" branch="false" />
              </lines>
            </method>
            <method name="set_EnumValue" signature="(System.Enum)" line-rate="1" branch-rate="1" complexity="2">
              <lines>
                <line number="217" hits="88" branch="false" />
                <line number="222" hits="80" branch="false" />
                <line number="223" hits="80" branch="false" />
                <line number="224" hits="80" branch="true" condition-coverage="100% (2/2)" />
                <line number="225" hits="8" branch="false" />
                <line number="226" hits="72" branch="false" />
                <line number="227" hits="72" branch="false" />
                <line number="228" hits="72" branch="false" />
                <line number="229" hits="72" branch="false" />
              </lines>
            </method>
          </methods>
          <lines>
            <line number="18" hits="432" branch="false" />
            <line number="24" hits="208" branch="false" />
            <line number="31" hits="216" branch="false" />
            <line number="42" hits="180" branch="false" />
            <line number="43" hits="360" branch="false" />
            <line number="44" hits="360" branch="false" />
            <line number="45" hits="360" branch="false" />
            <line number="46" hits="180" branch="false" />
            <line number="51" hits="8" branch="false" />
            <line number="59" hits="36" branch="false" />
            <line number="60" hits="72" branch="false" />
            <line number="61" hits="64" branch="false" />
            <line number="62" hits="32" branch="false" />
            <line number="69" hits="96" branch="false" />
            <line number="70" hits="192" branch="false" />
            <line number="72" hits="192" branch="true" condition-coverage="100% (2/2)" />
            <line number="74" hits="192" branch="true" condition-coverage="100% (2/2)" />
            <line number="75" hits="152" branch="false" />
            <line number="78" hits="40" branch="false" />
            <line number="80" hits="40" branch="false" />
            <line number="81" hits="116" branch="false" />
            <line number="88" hits="76" branch="false" />
            <line number="89" hits="152" branch="false" />
            <line number="92" hits="1136" branch="true" condition-coverage="100% (2/2)" />
            <line number="93" hits="208" branch="false" />
            <line number="94" hits="416" branch="false" />
            <line number="96" hits="416" branch="true" condition-coverage="100% (2/2)" />
            <line number="99" hits="64" branch="false" />
            <line number="100" hits="64" branch="false" />
            <line number="103" hits="352" branch="true" condition-coverage="100% (2/2)" />
            <line number="104" hits="176" branch="false" />
            <line number="106" hits="208" branch="false" />
            <line number="108" hits="152" branch="false" />
            <line number="109" hits="152" branch="false" />
            <line number="119" hits="36" branch="false" />
            <line number="121" hits="72" branch="true" condition-coverage="100% (4/4)" />
            <line number="122" hits="8" branch="false" />
            <line number="125" hits="72" branch="false" />
            <line number="126" hits="368" branch="true" condition-coverage="100% (2/2)" />
            <line number="127" hits="56" branch="false" />
            <line number="128" hits="112" branch="false" />
            <line number="131" hits="112" branch="true" condition-coverage="100% (2/2)" />
            <line number="132" hits="40" branch="false" />
            <line number="133" hits="56" branch="false" />
            <line number="136" hits="72" branch="true" condition-coverage="100% (2/2)" />
            <line number="137" hits="32" branch="false" />
            <line number="139" hits="64" branch="true" condition-coverage="100% (2/2)" />
            <line number="140" hits="8" branch="false" />
            <line number="143" hits="56" branch="false" />
            <line number="144" hits="32" branch="false" />
            <line number="147" hits="72" branch="false" />
            <line number="148" hits="72" branch="false" />
            <line number="158" hits="56" branch="false" />
            <line number="159" hits="112" branch="false" />
            <line number="161" hits="928" branch="true" condition-coverage="100% (2/2)" />
            <line number="162" hits="176" branch="false" />
            <line number="163" hits="352" branch="false" />
            <line number="165" hits="352" branch="true" condition-coverage="100% (2/2)" />
            <line number="166" hits="128" branch="false" />
            <line number="167" hits="176" branch="false" />
            <line number="169" hits="112" branch="false" />
            <line number="170" hits="56" branch="false" />
            <line number="179" hits="36" branch="false" />
            <line number="180" hits="772" branch="true" condition-coverage="100% (2/2)" />
            <line number="181" hits="148" branch="false" />
            <line number="182" hits="296" branch="false" />
            <line number="183" hits="296" branch="true" condition-coverage="100% (2/2)" />
            <line number="184" hits="296" branch="false" />
            <line number="186" hits="296" branch="false" />
            <line number="187" hits="148" branch="false" />
            <line number="188" hits="72" branch="false" />
            <line number="195" hits="36" branch="false" />
            <line number="196" hits="72" branch="false" />
            <line number="197" hits="72" branch="false" />
            <line number="198" hits="72" branch="false" />
            <line number="210" hits="32" branch="false" />
            <line number="211" hits="64" branch="false" />
            <line number="212" hits="64" branch="false" />
            <line number="213" hits="32" branch="false" />
            <line number="215" hits="44" branch="false" />
            <line number="217" hits="88" branch="false" />
            <line number="222" hits="80" branch="false" />
            <line number="223" hits="80" branch="false" />
            <line number="224" hits="80" branch="true" condition-coverage="100% (2/2)" />
            <line number="225" hits="8" branch="false" />
            <line number="226" hits="72" branch="false" />
            <line number="227" hits="72" branch="false" />
            <line number="228" hits="72" branch="false" />
            <line number="229" hits="72" branch="false" />
            <line number="241" hits="568" branch="false" />
          </lines>
        </class>
        <class name="PropertyGridHelpers.Controls.FlagCheckedListBoxItem" filename="c:\agent\_work\9\s\Code\PropertyGridHelpers\Controls\FlagCheckedListBoxItem.cs" line-rate="1" branch-rate="1" complexity="12">
          <methods>
            <method name="ToString" signature="()" line-rate="1" branch-rate="1" complexity="1">
              <lines>
                <line number="25" hits="8" branch="false" />
              </lines>
            </method>
            <method name="get_IsFlag" signature="()" line-rate="1" branch-rate="1" complexity="1">
              <lines>
                <line number="36" hits="36" branch="false" />
                <line number="37" hits="72" branch="false" />
                <line number="38" hits="36" branch="false" />
              </lines>
            </method>
            <method name="get_Value" signature="()" line-rate="1" branch-rate="1" complexity="1">
              <lines>
                <line number="49" hits="1848" branch="false" />
              </lines>
            </method>
            <method name="get_Caption" signature="()" line-rate="1" branch-rate="1" complexity="1">
              <lines>
                <line number="60" hits="56" branch="false" />
              </lines>
            </method>
            <method name="IsMemberFlag" signature="(PropertyGridHelpers.Controls.FlagCheckedListBoxItem)" line-rate="1" branch-rate="1" complexity="6">
              <lines>
                <line number="71" hits="56" branch="true" condition-coverage="100% (6/6)" />
              </lines>
            </method>
            <method name=".ctor" signature="(System.Int32,System.String)" line-rate="1" branch-rate="1" complexity="1">
              <lines>
                <line number="13" hits="576" branch="false" />
                <line number="14" hits="288" branch="false" />
                <line number="15" hits="576" branch="false" />
                <line number="16" hits="576" branch="false" />
                <line number="17" hits="576" branch="false" />
              </lines>
            </method>
            <method name="get_IsFlag" signature="()" line-rate="1" branch-rate="1" complexity="1">
              <lines>
                <line number="37" hits="72" branch="false" />
              </lines>
            </method>
          </methods>
          <lines>
            <line number="13" hits="576" branch="false" />
            <line number="14" hits="288" branch="false" />
            <line number="15" hits="576" branch="false" />
            <line number="16" hits="576" branch="false" />
            <line number="17" hits="576" branch="false" />
            <line number="25" hits="8" branch="false" />
            <line number="36" hits="36" branch="false" />
            <line number="37" hits="72" branch="false" />
            <line number="38" hits="36" branch="false" />
            <line number="49" hits="1848" branch="false" />
            <line number="60" hits="56" branch="false" />
            <line number="71" hits="56" branch="true" condition-coverage="100% (6/6)" />
          </lines>
        </class>
        <class name="PropertyGridHelpers.Converters.EnumTextConverter" filename="c:\agent\_work\9\s\Code\PropertyGridHelpers\Converters\EnumTextConverter.cs" line-rate="1" branch-rate="1" complexity="75">
          <methods>
            <method name="CanConvertTo" signature="(System.ComponentModel.ITypeDescriptorContext,System.Type)" line-rate="1" branch-rate="1" complexity="4">
              <lines>
                <line number="46" hits="40" branch="true" condition-coverage="100% (4/4)" />
                <line number="47" hits="40" branch="false" />
                <line number="48" hits="40" branch="false" />
              </lines>
            </method>
            <method name="ConvertTo" signature="(System.ComponentModel.ITypeDescriptorContext,System.Globalization.CultureInfo,System.Object,System.Type)" line-rate="1" branch-rate="1" complexity="10">
              <lines>
                <line number="64" hits="148" branch="false" />
                <line number="65" hits="320" branch="true" condition-coverage="100% (2/2)" />
                <line number="66" hits="272" branch="true" condition-coverage="100% (2/2)" />
                <line number="67" hits="8" branch="false" />
                <line number="68" hits="264" branch="true" condition-coverage="100% (2/2)" />
                <line number="69" hits="120" branch="false" />
                <line number="70" hits="240" branch="false" />
                <line number="71" hits="240" branch="false" />
                <line number="72" hits="240" branch="false" />
                <line number="73" hits="240" branch="false" />
                <line number="75" hits="240" branch="true" condition-coverage="100% (2/2)" />
                <line number="77" hits="24" branch="true" condition-coverage="100% (2/2)" />
                <line number="78" hits="16" branch="false" />
                <line number="79" hits="8" branch="false" />
                <line number="80" hits="144" branch="false" />
              </lines>
            </method>
            <method name="CanConvertFrom" signature="(System.ComponentModel.ITypeDescriptorContext,System.Type)" line-rate="1" branch-rate="1" complexity="2">
              <lines>
                <line number="91" hits="16" branch="true" condition-coverage="100% (2/2)" />
              </lines>
            </method>
            <method name="ConvertFrom" signature="(System.ComponentModel.ITypeDescriptorContext,System.Globalization.CultureInfo,System.Object)" line-rate="1" branch-rate="1" complexity="14">
              <lines>
                <line number="105" hits="48" branch="false" />
                <line number="106" hits="112" branch="true" condition-coverage="100% (2/2)" />
                <line number="107" hits="80" branch="true" condition-coverage="100% (2/2)" />
                <line number="108" hits="20" branch="false" />
                <line number="109" hits="468" branch="true" condition-coverage="100% (2/2)" />
                <line number="110" hits="96" branch="false" />
                <line number="111" hits="192" branch="false" />
                <line number="113" hits="192" branch="true" condition-coverage="100% (4/4)" />
                <line number="114" hits="16" branch="false" />
                <line number="115" hits="88" branch="false" />
                <line number="117" hits="24" branch="true" condition-coverage="100% (2/2)" />
                <line number="118" hits="8" branch="false" />
                <line number="120" hits="8" branch="false" />
                <line number="121" hits="16" branch="false" />
                <line number="122" hits="16" branch="false" />
                <line number="125" hits="40" branch="true" condition-coverage="100% (2/2)" />
                <line number="126" hits="12" branch="false" />
                <line number="127" hits="24" branch="false" />
                <line number="128" hits="24" branch="false" />
                <line number="129" hits="24" branch="false" />
                <line number="132" hits="16" branch="false" />
                <line number="133" hits="40" branch="false" />
              </lines>
            </method>
            <method name="GetStandardValues" signature="(System.ComponentModel.ITypeDescriptorContext)" line-rate="1" branch-rate="1" complexity="6">
              <lines>
                <line number="143" hits="16" branch="false" />
                <line number="145" hits="32" branch="true" condition-coverage="100% (4/4)" />
                <line number="146" hits="8" branch="false" />
                <line number="147" hits="16" branch="false" />
                <line number="148" hits="16" branch="true" condition-coverage="100% (2/2)" />
                <line number="149" hits="4" branch="false" />
                <line number="150" hits="8" branch="false" />
                <line number="152" hits="4" branch="false" />
                <line number="154" hits="24" branch="false" />
                <line number="155" hits="16" branch="false" />
              </lines>
            </method>
            <method name="Dispose" signature="(System.Boolean)" line-rate="1" branch-rate="1" complexity="4">
              <lines>
                <line number="164" hits="52" branch="false" />
                <line number="165" hits="104" branch="true" condition-coverage="100% (2/2)" />
                <line number="166" hits="52" branch="false" />
                <line number="167" hits="104" branch="true" condition-coverage="100% (2/2)" />
                <line number="168" hits="52" branch="false" />
                <line number="170" hits="52" branch="false" />
                <line number="174" hits="104" branch="false" />
                <line number="175" hits="52" branch="false" />
                <line number="176" hits="104" branch="false" />
              </lines>
            </method>
            <method name="Dispose" signature="()" line-rate="1" branch-rate="1" complexity="1">
              <lines>
                <line number="189" hits="52" branch="false" />
                <line number="191" hits="104" branch="false" />
                <line number="192" hits="104" branch="false" />
                <line number="193" hits="104" branch="false" />
              </lines>
            </method>
            <method name=".ctor" signature="(System.Type)" line-rate="1" branch-rate="1" complexity="1">
              <lines>
                <line number="28" hits="560" branch="false" />
              </lines>
            </method>
            <method name="ConvertTo" signature="(System.ComponentModel.ITypeDescriptorContext,System.Globalization.CultureInfo,System.Object,System.Type)" line-rate="1" branch-rate="1" complexity="10">
              <lines>
                <line number="65" hits="320" branch="true" condition-coverage="100% (2/2)" />
                <line number="66" hits="272" branch="true" condition-coverage="100% (2/2)" />
                <line number="67" hits="8" branch="false" />
                <line number="68" hits="264" branch="true" condition-coverage="100% (2/2)" />
                <line number="69" hits="120" branch="false" />
                <line number="70" hits="240" branch="false" />
                <line number="71" hits="240" branch="false" />
                <line number="72" hits="240" branch="false" />
                <line number="73" hits="240" branch="false" />
                <line number="75" hits="240" branch="true" condition-coverage="100% (2/2)" />
                <line number="77" hits="24" branch="true" condition-coverage="100% (2/2)" />
                <line number="78" hits="16" branch="false" />
                <line number="79" hits="8" branch="false" />
              </lines>
            </method>
            <method name="ConvertFrom" signature="(System.ComponentModel.ITypeDescriptorContext,System.Globalization.CultureInfo,System.Object)" line-rate="1" branch-rate="1" complexity="14">
              <lines>
                <line number="106" hits="112" branch="true" condition-coverage="100% (2/2)" />
                <line number="107" hits="80" branch="true" condition-coverage="100% (2/2)" />
                <line number="108" hits="20" branch="false" />
                <line number="109" hits="468" branch="true" condition-coverage="100% (2/2)" />
                <line number="110" hits="96" branch="false" />
                <line number="111" hits="192" branch="false" />
                <line number="113" hits="192" branch="true" condition-coverage="100% (4/4)" />
                <line number="114" hits="16" branch="false" />
                <line number="115" hits="88" branch="false" />
                <line number="117" hits="24" branch="true" condition-coverage="100% (2/2)" />
                <line number="118" hits="8" branch="false" />
                <line number="120" hits="8" branch="false" />
                <line number="121" hits="16" branch="false" />
                <line number="122" hits="16" branch="false" />
                <line number="125" hits="40" branch="true" condition-coverage="100% (2/2)" />
                <line number="126" hits="12" branch="false" />
                <line number="127" hits="24" branch="false" />
                <line number="128" hits="24" branch="false" />
                <line number="129" hits="24" branch="false" />
                <line number="132" hits="16" branch="false" />
              </lines>
            </method>
            <method name="GetStandardValues" signature="(System.ComponentModel.ITypeDescriptorContext)" line-rate="1" branch-rate="1" complexity="6">
              <lines>
                <line number="145" hits="32" branch="true" condition-coverage="100% (4/4)" />
                <line number="146" hits="8" branch="false" />
                <line number="147" hits="16" branch="false" />
                <line number="148" hits="16" branch="true" condition-coverage="100% (2/2)" />
                <line number="149" hits="4" branch="false" />
                <line number="150" hits="8" branch="false" />
                <line number="152" hits="4" branch="false" />
                <line number="154" hits="24" branch="false" />
              </lines>
            </method>
            <method name="Dispose" signature="(System.Boolean)" line-rate="1" branch-rate="1" complexity="2">
              <lines>
                <line number="165" hits="104" branch="true" condition-coverage="100% (2/2)" />
                <line number="166" hits="52" branch="false" />
                <line number="167" hits="104" branch="true" condition-coverage="100% (2/2)" />
                <line number="168" hits="52" branch="false" />
                <line number="170" hits="52" branch="false" />
                <line number="174" hits="104" branch="false" />
                <line number="175" hits="52" branch="false" />
                <line number="176" hits="104" branch="false" />
              </lines>
            </method>
            <method name="Dispose" signature="()" line-rate="1" branch-rate="1" complexity="1">
              <lines>
                <line number="191" hits="104" branch="false" />
                <line number="192" hits="104" branch="false" />
                <line number="193" hits="104" branch="false" />
              </lines>
            </method>
          </methods>
          <lines>
            <line number="28" hits="560" branch="false" />
            <line number="46" hits="40" branch="true" condition-coverage="100% (4/4)" />
            <line number="47" hits="40" branch="false" />
            <line number="48" hits="40" branch="false" />
            <line number="64" hits="148" branch="false" />
            <line number="65" hits="320" branch="true" condition-coverage="100% (2/2)" />
            <line number="66" hits="272" branch="true" condition-coverage="100% (2/2)" />
            <line number="67" hits="8" branch="false" />
            <line number="68" hits="264" branch="true" condition-coverage="100% (2/2)" />
            <line number="69" hits="120" branch="false" />
            <line number="70" hits="240" branch="false" />
            <line number="71" hits="240" branch="false" />
            <line number="72" hits="240" branch="false" />
            <line number="73" hits="240" branch="false" />
            <line number="75" hits="240" branch="true" condition-coverage="100% (2/2)" />
            <line number="77" hits="24" branch="true" condition-coverage="100% (2/2)" />
            <line number="78" hits="16" branch="false" />
            <line number="79" hits="8" branch="false" />
            <line number="80" hits="144" branch="false" />
            <line number="91" hits="16" branch="true" condition-coverage="100% (2/2)" />
            <line number="105" hits="48" branch="false" />
            <line number="106" hits="112" branch="true" condition-coverage="100% (2/2)" />
            <line number="107" hits="80" branch="true" condition-coverage="100% (2/2)" />
            <line number="108" hits="20" branch="false" />
            <line number="109" hits="468" branch="true" condition-coverage="100% (2/2)" />
            <line number="110" hits="96" branch="false" />
            <line number="111" hits="192" branch="false" />
            <line number="113" hits="192" branch="true" condition-coverage="100% (4/4)" />
            <line number="114" hits="16" branch="false" />
            <line number="115" hits="88" branch="false" />
            <line number="117" hits="24" branch="true" condition-coverage="100% (2/2)" />
            <line number="118" hits="8" branch="false" />
            <line number="120" hits="8" branch="false" />
            <line number="121" hits="16" branch="false" />
            <line number="122" hits="16" branch="false" />
            <line number="125" hits="40" branch="true" condition-coverage="100% (2/2)" />
            <line number="126" hits="12" branch="false" />
            <line number="127" hits="24" branch="false" />
            <line number="128" hits="24" branch="false" />
            <line number="129" hits="24" branch="false" />
            <line number="132" hits="16" branch="false" />
            <line number="133" hits="40" branch="false" />
            <line number="143" hits="16" branch="false" />
            <line number="145" hits="32" branch="true" condition-coverage="100% (4/4)" />
            <line number="146" hits="8" branch="false" />
            <line number="147" hits="16" branch="false" />
            <line number="148" hits="16" branch="true" condition-coverage="100% (2/2)" />
            <line number="149" hits="4" branch="false" />
            <line number="150" hits="8" branch="false" />
            <line number="152" hits="4" branch="false" />
            <line number="154" hits="24" branch="false" />
            <line number="155" hits="16" branch="false" />
            <line number="164" hits="52" branch="false" />
            <line number="165" hits="104" branch="true" condition-coverage="100% (2/2)" />
            <line number="166" hits="52" branch="false" />
            <line number="167" hits="104" branch="true" condition-coverage="100% (2/2)" />
            <line number="168" hits="52" branch="false" />
            <line number="170" hits="52" branch="false" />
            <line number="174" hits="104" branch="false" />
            <line number="175" hits="52" branch="false" />
            <line number="176" hits="104" branch="false" />
            <line number="189" hits="52" branch="false" />
            <line number="191" hits="104" branch="false" />
            <line number="192" hits="104" branch="false" />
            <line number="193" hits="104" branch="false" />
          </lines>
        </class>
        <class name="PropertyGridHelpers.Converters.EnumTextConverter`1" filename="c:\agent\_work\9\s\Code\PropertyGridHelpers\Converters\EnumTextConverterT.cs" line-rate="1" branch-rate="1" complexity="1">
          <methods>
            <method name=".ctor" signature="()" line-rate="1" branch-rate="1" complexity="1">
              <lines>
                <line number="26" hits="420" branch="false" />
              </lines>
            </method>
          </methods>
          <lines>
            <line number="26" hits="420" branch="false" />
          </lines>
        </class>
        <class name="PropertyGridHelpers.Converters.TypeConverter`1" filename="c:\agent\_work\9\s\Code\PropertyGridHelpers\Converters\TypeConverter.cs" line-rate="1" branch-rate="1" complexity="24">
          <methods>
            <method name="CanConvertTo" signature="(System.ComponentModel.ITypeDescriptorContext,System.Type)" line-rate="1" branch-rate="1" complexity="4">
              <lines>
                <line number="23" hits="16" branch="true" condition-coverage="100% (4/4)" />
              </lines>
            </method>
            <method name="ConvertTo" signature="(System.ComponentModel.ITypeDescriptorContext,System.Globalization.CultureInfo,System.Object,System.Type)" line-rate="1" branch-rate="1" complexity="6">
              <lines>
                <line number="38" hits="16" branch="false" />
                <line number="39" hits="32" branch="true" condition-coverage="100% (6/6)" />
                <line number="40" hits="32" branch="false" />
                <line number="41" hits="4" branch="false" />
                <line number="42" hits="8" branch="false" />
                <line number="44" hits="8" branch="false" />
                <line number="47" hits="24" branch="false" />
                <line number="48" hits="12" branch="false" />
              </lines>
            </method>
            <method name="CanConvertFrom" signature="(System.ComponentModel.ITypeDescriptorContext,System.Type)" line-rate="1" branch-rate="1" complexity="2">
              <lines>
                <line number="57" hits="16" branch="true" condition-coverage="100% (2/2)" />
              </lines>
            </method>
            <method name="Dispose" signature="(System.Boolean)" line-rate="1" branch-rate="1" complexity="4">
              <lines>
                <line number="64" hits="32" branch="false" />
                <line number="65" hits="64" branch="true" condition-coverage="100% (2/2)" />
                <line number="66" hits="32" branch="false" />
                <line number="67" hits="64" branch="true" condition-coverage="100% (2/2)" />
                <line number="68" hits="32" branch="false" />
                <line number="70" hits="32" branch="false" />
                <line number="74" hits="64" branch="false" />
                <line number="75" hits="32" branch="false" />
                <line number="76" hits="64" branch="false" />
              </lines>
            </method>
            <method name="Dispose" signature="()" line-rate="1" branch-rate="1" complexity="1">
              <lines>
                <line number="89" hits="32" branch="false" />
                <line number="91" hits="64" branch="false" />
                <line number="92" hits="64" branch="false" />
                <line number="93" hits="64" branch="false" />
              </lines>
            </method>
            <method name="ConvertTo" signature="(System.ComponentModel.ITypeDescriptorContext,System.Globalization.CultureInfo,System.Object,System.Type)" line-rate="1" branch-rate="1" complexity="4">
              <lines>
                <line number="39" hits="32" branch="true" condition-coverage="100% (6/6)" />
                <line number="40" hits="32" branch="false" />
                <line number="41" hits="4" branch="false" />
                <line number="42" hits="8" branch="false" />
                <line number="44" hits="8" branch="false" />
                <line number="47" hits="24" branch="false" />
              </lines>
            </method>
            <method name="Dispose" signature="(System.Boolean)" line-rate="1" branch-rate="1" complexity="2">
              <lines>
                <line number="65" hits="64" branch="true" condition-coverage="100% (2/2)" />
                <line number="66" hits="32" branch="false" />
                <line number="67" hits="64" branch="true" condition-coverage="100% (2/2)" />
                <line number="68" hits="32" branch="false" />
                <line number="70" hits="32" branch="false" />
                <line number="74" hits="64" branch="false" />
                <line number="75" hits="32" branch="false" />
                <line number="76" hits="64" branch="false" />
              </lines>
            </method>
            <method name="Dispose" signature="()" line-rate="1" branch-rate="1" complexity="1">
              <lines>
                <line number="91" hits="64" branch="false" />
                <line number="92" hits="64" branch="false" />
                <line number="93" hits="64" branch="false" />
              </lines>
            </method>
          </methods>
          <lines>
            <line number="23" hits="16" branch="true" condition-coverage="100% (4/4)" />
            <line number="38" hits="16" branch="false" />
            <line number="39" hits="32" branch="true" condition-coverage="100% (6/6)" />
            <line number="40" hits="32" branch="false" />
            <line number="41" hits="4" branch="false" />
            <line number="42" hits="8" branch="false" />
            <line number="44" hits="8" branch="false" />
            <line number="47" hits="24" branch="false" />
            <line number="48" hits="12" branch="false" />
            <line number="57" hits="16" branch="true" condition-coverage="100% (2/2)" />
            <line number="64" hits="32" branch="false" />
            <line number="65" hits="64" branch="true" condition-coverage="100% (2/2)" />
            <line number="66" hits="32" branch="false" />
            <line number="67" hits="64" branch="true" condition-coverage="100% (2/2)" />
            <line number="68" hits="32" branch="false" />
            <line number="70" hits="32" branch="false" />
            <line number="74" hits="64" branch="false" />
            <line number="75" hits="32" branch="false" />
            <line number="76" hits="64" branch="false" />
            <line number="89" hits="32" branch="false" />
            <line number="91" hits="64" branch="false" />
            <line number="92" hits="64" branch="false" />
            <line number="93" hits="64" branch="false" />
          </lines>
        </class>
        <class name="PropertyGridHelpers.Support.Support" filename="c:\agent\_work\9\s\Code\PropertyGridHelpers\Support\Support.cs" line-rate="0.9900990099009901" branch-rate="0.9482758620689655" complexity="116">
          <methods>
            <method name="GetResourcesNames" signature="(System.Type)" line-rate="1" branch-rate="1" complexity="2">
              <lines>
                <line number="25" hits="12" branch="false" />
                <line number="27" hits="24" branch="false" />
                <line number="33" hits="16" branch="true" condition-coverage="100% (2/2)" />
                <line number="34" hits="8" branch="false" />
                <line number="37" hits="8" branch="false" />
                <line number="40" hits="8" branch="false" />
                <line number="42" hits="8" branch="false" />
                <line number="43" hits="4" branch="false" />
              </lines>
            </method>
            <method name="CheckResourceType" signature="(System.Reflection.Assembly)" line-rate="1" branch-rate="1" complexity="8">
              <lines>
                <line number="51" hits="8" branch="false" />
                <line number="53" hits="16" branch="false" />
                <line number="59" hits="8" branch="false" />
                <line number="62" hits="8" branch="false" />
                <line number="63" hits="8" branch="false" />
                <line number="64" hits="84" branch="true" condition-coverage="100% (2/2)" />
                <line number="65" hits="16" branch="false" />
                <line number="66" hits="32" branch="false" />
                <line number="67" hits="16" branch="false" />
                <line number="70" hits="8" branch="false" />
                <line number="71" hits="100" branch="true" condition-coverage="100% (2/2)" />
                <line number="72" hits="12" branch="false" />
                <line number="73" hits="24" branch="false" />
                <line number="75" hits="24" branch="false" />
                <line number="76" hits="24" branch="true" condition-coverage="100% (2/2)" />
                <line number="77" hits="12" branch="false" />
                <line number="78" hits="24" branch="false" />
                <line number="79" hits="236" branch="true" condition-coverage="100% (2/2)" />
                <line number="80" hits="88" branch="false" />
                <line number="81" hits="12" branch="false" />
                <line number="89" hits="12" branch="false" />
                <line number="90" hits="8" branch="false" />
              </lines>
            </method>
            <method name="GetResourceString" signature="(System.String,System.Type)" line-rate="1" branch-rate="1" complexity="2">
              <lines>
                <line number="102" hits="16" branch="false" />
                <line number="103" hits="32" branch="false" />
                <line number="104" hits="32" branch="true" condition-coverage="100% (2/2)" />
                <line number="105" hits="16" branch="false" />
              </lines>
            </method>
            <method name="GetResourcePath" signature="(System.ComponentModel.ITypeDescriptorContext,System.Type)" line-rate="1" branch-rate="1" complexity="24">
              <lines>
                <line number="119" hits="48" branch="false" />
                <line number="121" hits="96" branch="true" condition-coverage="100% (6/6)" />
                <line number="122" hits="20" branch="false" />
                <line number="124" hits="40" branch="false" />
                <line number="125" hits="40" branch="true" condition-coverage="100% (2/2)" />
                <line number="126" hits="8" branch="false" />
                <line number="128" hits="16" branch="false" />
                <line number="129" hits="16" branch="true" condition-coverage="100% (2/2)" />
                <line number="131" hits="8" branch="false" />
                <line number="132" hits="4" branch="false" />
                <line number="133" hits="16" branch="false" />
                <line number="136" hits="88" branch="true" condition-coverage="100% (6/6)" />
                <line number="137" hits="16" branch="false" />
                <line number="138" hits="32" branch="false" />
                <line number="139" hits="32" branch="true" condition-coverage="100% (2/2)" />
                <line number="140" hits="16" branch="false" />
                <line number="142" hits="32" branch="false" />
                <line number="143" hits="32" branch="true" condition-coverage="100% (2/2)" />
                <line number="144" hits="8" branch="false" />
                <line number="145" hits="12" branch="false" />
                <line number="146" hits="12" branch="false" />
                <line number="149" hits="80" branch="true" condition-coverage="100% (2/2)" />
                <line number="151" hits="80" branch="true" condition-coverage="100% (2/2)" />
                <line number="152" hits="48" branch="false" />
                <line number="155" hits="32" branch="false" />
                <line number="156" hits="48" branch="false" />
              </lines>
            </method>
            <method name="GetFileExtension" signature="(System.ComponentModel.ITypeDescriptorContext)" line-rate="0.9655172413793104" branch-rate="0.8333333333333334" complexity="18">
              <lines>
                <line number="164" hits="32" branch="false" />
                <line number="165" hits="64" branch="true" condition-coverage="100% (2/2)" />
                <line number="166" hits="28" branch="false" />
                <line number="167" hits="56" branch="false" />
                <line number="168" hits="56" branch="true" condition-coverage="100% (2/2)" />
                <line number="169" hits="28" branch="false" />
                <line number="171" hits="56" branch="false" />
                <line number="172" hits="40" branch="true" condition-coverage="100% (2/2)" />
                <line number="173" hits="4" branch="false" />
                <line number="175" hits="8" branch="false" />
                <line number="177" hits="32" branch="true" condition-coverage="100% (2/2)" />
                <line number="178" hits="12" branch="false" />
                <line number="181" hits="24" branch="true" condition-coverage="50% (1/2)" />
                <line number="182" hits="0" branch="false" />
                <line number="187" hits="24" branch="false" />
                <line number="188" hits="24" branch="true" condition-coverage="100% (2/2)" />
                <line number="189" hits="12" branch="false" />
                <line number="190" hits="24" branch="false" />
                <line number="191" hits="24" branch="true" condition-coverage="100% (2/2)" />
                <line number="192" hits="16" branch="false" />
                <line number="193" hits="4" branch="false" />
                <line number="195" hits="8" branch="true" condition-coverage="50% (2/4)" />
                <line number="196" hits="8" branch="false" />
                <line number="197" hits="8" branch="false" />
                <line number="198" hits="8" branch="false" />
                <line number="201" hits="4" branch="false" />
                <line number="202" hits="4" branch="false" />
                <line number="204" hits="16" branch="false" />
                <line number="205" hits="24" branch="false" />
              </lines>
            </method>
            <method name="GetRequiredProperty" signature="(System.Object,System.String)" line-rate="1" branch-rate="1" complexity="4">
              <lines>
                <line number="219" hits="28" branch="false" />
                <line number="220" hits="56" branch="true" condition-coverage="100% (2/2)" />
                <line number="221" hits="56" branch="false" />
                <line number="222" hits="56" branch="false" />
                <line number="223" hits="56" branch="false" />
                <line number="224" hits="56" branch="false" />
                <line number="229" hits="48" branch="true" condition-coverage="100% (2/2)" />
                <line number="231" hits="4" branch="false" />
                <line number="232" hits="8" branch="false" />
                <line number="233" hits="8" branch="false" />
                <line number="236" hits="40" branch="false" />
                <line number="237" hits="20" branch="false" />
              </lines>
            </method>
            <method name="GetResourcesNames" signature="(System.Type)" line-rate="1" branch-rate="1" complexity="2">
              <lines>
                <line number="27" hits="24" branch="false" />
                <line number="33" hits="16" branch="true" condition-coverage="100% (2/2)" />
                <line number="34" hits="8" branch="false" />
                <line number="37" hits="8" branch="false" />
                <line number="40" hits="8" branch="false" />
                <line number="42" hits="8" branch="false" />
              </lines>
            </method>
            <method name="CheckResourceType" signature="(System.Reflection.Assembly)" line-rate="1" branch-rate="1" complexity="8">
              <lines>
                <line number="53" hits="16" branch="false" />
                <line number="59" hits="8" branch="false" />
                <line number="62" hits="8" branch="false" />
                <line number="63" hits="8" branch="false" />
                <line number="64" hits="84" branch="true" condition-coverage="100% (2/2)" />
                <line number="65" hits="16" branch="false" />
                <line number="66" hits="32" branch="false" />
                <line number="67" hits="16" branch="false" />
                <line number="70" hits="8" branch="false" />
                <line number="71" hits="100" branch="true" condition-coverage="100% (2/2)" />
                <line number="72" hits="12" branch="false" />
                <line number="73" hits="24" branch="false" />
                <line number="75" hits="24" branch="false" />
                <line number="76" hits="24" branch="true" condition-coverage="100% (2/2)" />
                <line number="77" hits="12" branch="false" />
                <line number="78" hits="24" branch="false" />
                <line number="79" hits="236" branch="true" condition-coverage="100% (2/2)" />
                <line number="80" hits="88" branch="false" />
                <line number="81" hits="12" branch="false" />
                <line number="89" hits="12" branch="false" />
                <line number="90" hits="8" branch="false" />
              </lines>
            </method>
            <method name="GetResourceString" signature="(System.String,System.Type)" line-rate="1" branch-rate="1" complexity="2">
              <lines>
                <line number="103" hits="32" branch="false" />
                <line number="104" hits="32" branch="true" condition-coverage="100% (2/2)" />
              </lines>
            </method>
            <method name="GetResourcePath" signature="(System.ComponentModel.ITypeDescriptorContext,System.Type)" line-rate="1" branch-rate="1" complexity="24">
              <lines>
                <line number="121" hits="96" branch="true" condition-coverage="100% (6/6)" />
                <line number="122" hits="20" branch="false" />
                <line number="124" hits="40" branch="false" />
                <line number="125" hits="40" branch="true" condition-coverage="100% (2/2)" />
                <line number="126" hits="8" branch="false" />
                <line number="128" hits="16" branch="false" />
                <line number="129" hits="16" branch="true" condition-coverage="100% (2/2)" />
                <line number="131" hits="8" branch="false" />
                <line number="132" hits="4" branch="false" />
                <line number="133" hits="16" branch="false" />
                <line number="136" hits="88" branch="true" condition-coverage="100% (6/6)" />
                <line number="137" hits="16" branch="false" />
                <line number="138" hits="32" branch="false" />
                <line number="139" hits="32" branch="true" condition-coverage="100% (2/2)" />
                <line number="140" hits="16" branch="false" />
                <line number="142" hits="32" branch="false" />
                <line number="143" hits="32" branch="true" condition-coverage="100% (2/2)" />
                <line number="144" hits="8" branch="false" />
                <line number="145" hits="12" branch="false" />
                <line number="146" hits="12" branch="false" />
                <line number="149" hits="80" branch="true" condition-coverage="100% (2/2)" />
                <line number="151" hits="80" branch="true" condition-coverage="100% (2/2)" />
                <line number="152" hits="48" branch="false" />
                <line number="155" hits="32" branch="false" />
              </lines>
            </method>
            <method name="GetFileExtension" signature="(System.ComponentModel.ITypeDescriptorContext)" line-rate="0.9629629629629629" branch-rate="0.8333333333333334" complexity="18">
[...]
                <line number="170" hits="24" branch="true" condition-coverage="100% (2/2)" />
                <line number="171" hits="24" branch="false" />
                <line number="172" hits="24" branch="false" />
                <line number="175" hits="56" branch="true" condition-coverage="100% (2/2)" />
                <line number="176" hits="56" branch="false" />
                <line number="177" hits="40" branch="false" />
                <line number="179" hits="8" branch="false" />
                <line number="180" hits="4" branch="false" />
                <line number="183" hits="80" branch="true" condition-coverage="100% (2/2)" />
                <line number="186" hits="64" branch="false" />
                <line number="188" hits="64" branch="false" />
                <line number="189" hits="32" branch="false" />
                <line number="190" hits="64" branch="false" />
                <line number="191" hits="64" branch="false" />
                <line number="193" hits="64" branch="false" />
                <line number="196" hits="64" branch="false" />
                <line number="197" hits="64" branch="false" />
                <line number="199" hits="64" branch="false" />
                <line number="202" hits="8" branch="false" />
              </lines>
            </method>
            <method name="GetImageFromEmbeddedResource" signature="(System.Object,System.String,System.String,System.String)" line-rate="1" branch-rate="1" complexity="8">
              <lines>
                <line number="224" hits="56" branch="false" />
                <line number="228" hits="56" branch="true" condition-coverage="100% (2/2)" />
                <line number="229" hits="48" branch="true" condition-coverage="100% (2/2)" />
                <line number="230" hits="32" branch="false" />
                <line number="231" hits="32" branch="true" condition-coverage="100% (2/2)" />
                <line number="232" hits="8" branch="false" />
                <line number="234" hits="32" branch="false" />
                <line number="236" hits="32" branch="false" />
                <line number="238" hits="32" branch="true" condition-coverage="100% (2/2)" />
                <line number="242" hits="32" branch="false" />
                <line number="244" hits="32" branch="false" />
              </lines>
            </method>
            <method name="GetImageFromResourceFile" signature="(System.Object,System.String,System.String,System.String,System.Boolean)" line-rate="1" branch-rate="1" complexity="20">
              <lines>
                <line number="286" hits="120" branch="false" />
                <line number="290" hits="120" branch="true" condition-coverage="100% (2/2)" />
                <line number="291" hits="112" branch="true" condition-coverage="100% (2/2)" />
                <line number="294" hits="96" branch="false" />
                <line number="295" hits="304" branch="true" condition-coverage="100% (2/2)" />
                <line number="296" hits="4" branch="false" />
                <line number="297" hits="8" branch="false" />
                <line number="298" hits="8" branch="false" />
                <line number="299" hits="8" branch="false" />
                <line number="300" hits="8" branch="false" />
                <line number="307" hits="44" branch="false" />
                <line number="308" hits="88" branch="true" condition-coverage="100% (2/2)" />
                <line number="309" hits="8" branch="false" />
                <line number="311" hits="16" branch="false" />
                <line number="312" hits="16" branch="true" condition-coverage="100% (2/2)" />
                <line number="313" hits="8" branch="false" />
                <line number="315" hits="36" branch="false" />
                <line number="317" hits="72" branch="false" />
                <line number="318" hits="72" branch="true" condition-coverage="100% (2/2)" />
                <line number="319" hits="28" branch="false" />
                <line number="320" hits="72" branch="false" />
                <line number="321" hits="16" branch="false" />
                <line number="322" hits="8" branch="false" />
                <line number="323" hits="16" branch="true" condition-coverage="100% (2/2)" />
                <line number="326" hits="72" branch="false" />
                <line number="327" hits="72" branch="true" condition-coverage="100% (2/2)" />
                <line number="328" hits="32" branch="false" />
                <line number="329" hits="64" branch="true" condition-coverage="100% (2/2)" />
                <line number="331" hits="24" branch="false" />
                <line number="332" hits="40" branch="true" condition-coverage="100% (2/2)" />
                <line number="334" hits="32" branch="false" />
                <line number="335" hits="32" branch="false" />
                <line number="337" hits="8" branch="false" />
                <line number="338" hits="28" branch="false" />
                <line number="340" hits="64" branch="false" />
              </lines>
            </method>
            <method name="GetImageFromFile" signature="(System.Object,System.String,System.String,System.String)" line-rate="0.9166666666666666" branch-rate="0.625" complexity="8">
              <lines>
                <line number="368" hits="8" branch="false" />
                <line number="372" hits="8" branch="true" condition-coverage="50% (1/2)" />
                <line number="373" hits="8" branch="true" condition-coverage="50% (1/2)" />
                <line number="377" hits="8" branch="false" />
                <line number="379" hits="8" branch="false" />
                <line number="381" hits="8" branch="true" condition-coverage="100% (2/2)" />
                <line number="382" hits="8" branch="false" />
                <line number="383" hits="8" branch="true" condition-coverage="50% (1/2)" />
                <line number="384" hits="0" branch="false" />
                <line number="385" hits="8" branch="false" />
                <line number="388" hits="8" branch="false" />
                <line number="390" hits="8" branch="false" />
              </lines>
            </method>
            <method name="GetModuleName" signature="(System.Object)" line-rate="1" branch-rate="1" complexity="1">
              <lines>
                <line number="401" hits="96" branch="false" />
                <line number="404" hits="96" branch="false" />
                <line number="408" hits="96" branch="false" />
              </lines>
            </method>
            <method name="GetTargetSizes" signature="(System.Drawing.Bitmap,System.Drawing.Rectangle)" line-rate="1" branch-rate="1" complexity="2">
              <lines>
                <line number="421" hits="80" branch="false" />
                <line number="422" hits="80" branch="false" />
                <line number="424" hits="80" branch="true" condition-coverage="100% (2/2)" />
                <line number="425" hits="4" branch="false" />
                <line number="426" hits="8" branch="false" />
                <line number="427" hits="8" branch="false" />
                <line number="428" hits="4" branch="false" />
                <line number="430" hits="36" branch="false" />
                <line number="431" hits="72" branch="false" />
                <line number="432" hits="72" branch="false" />
                <line number="433" hits="36" branch="false" />
                <line number="435" hits="80" branch="false" />
                <line number="436" hits="80" branch="false" />
                <line number="437" hits="80" branch="false" />
              </lines>
            </method>
            <method name="Dispose" signature="(System.Boolean)" line-rate="1" branch-rate="1" complexity="2">
              <lines>
                <line number="473" hits="8" branch="true" condition-coverage="100% (2/2)" />
                <line number="474" hits="4" branch="false" />
                <line number="475" hits="8" branch="true" condition-coverage="100% (2/2)" />
                <line number="476" hits="4" branch="false" />
                <line number="477" hits="4" branch="false" />
                <line number="479" hits="8" branch="false" />
                <line number="480" hits="4" branch="false" />
                <line number="481" hits="8" branch="false" />
              </lines>
            </method>
            <method name="Dispose" signature="()" line-rate="1" branch-rate="1" complexity="1">
              <lines>
                <line number="496" hits="8" branch="false" />
                <line number="497" hits="8" branch="false" />
                <line number="498" hits="8" branch="false" />
              </lines>
            </method>
          </methods>
          <lines>
            <line number="46" hits="112" branch="false" />
            <line number="54" hits="232" branch="false" />
            <line number="65" hits="88" branch="false" />
            <line number="76" hits="32" branch="false" />
            <line number="77" hits="16" branch="false" />
            <line number="78" hits="32" branch="false" />
            <line number="79" hits="32" branch="false" />
            <line number="80" hits="32" branch="false" />
            <line number="87" hits="96" branch="false" />
            <line number="88" hits="48" branch="false" />
            <line number="89" hits="96" branch="false" />
            <line number="90" hits="96" branch="false" />
            <line number="91" hits="96" branch="false" />
            <line number="102" hits="4" branch="false" />
            <line number="103" hits="8" branch="false" />
            <line number="104" hits="8" branch="false" />
            <line number="105" hits="8" branch="false" />
            <line number="106" hits="4" branch="false" />
            <line number="113" hits="44" branch="false" />
            <line number="115" hits="88" branch="false" />
            <line number="119" hits="80" branch="false" />
            <line number="120" hits="64" branch="true" condition-coverage="100% (2/2)" />
            <line number="121" hits="56" branch="false" />
            <line number="122" hits="64" branch="false" />
            <line number="150" hits="56" branch="false" />
            <line number="152" hits="112" branch="false" />
            <line number="153" hits="104" branch="false" />
            <line number="159" hits="96" branch="false" />
            <line number="161" hits="96" branch="true" condition-coverage="100% (2/2)" />
            <line number="162" hits="44" branch="false" />
            <line number="163" hits="88" branch="false" />
            <line number="164" hits="88" branch="false" />
            <line number="165" hits="88" branch="false" />
            <line number="167" hits="88" branch="true" condition-coverage="100% (4/4)" />
            <line number="170" hits="24" branch="true" condition-coverage="100% (2/2)" />
            <line number="171" hits="24" branch="false" />
            <line number="172" hits="24" branch="false" />
            <line number="175" hits="56" branch="true" condition-coverage="100% (2/2)" />
            <line number="176" hits="56" branch="false" />
            <line number="177" hits="40" branch="false" />
            <line number="179" hits="8" branch="false" />
            <line number="180" hits="4" branch="false" />
            <line number="183" hits="80" branch="true" condition-coverage="100% (2/2)" />
            <line number="186" hits="64" branch="false" />
            <line number="188" hits="64" branch="false" />
            <line number="189" hits="32" branch="false" />
            <line number="190" hits="64" branch="false" />
            <line number="191" hits="64" branch="false" />
            <line number="193" hits="64" branch="false" />
            <line number="196" hits="64" branch="false" />
            <line number="197" hits="64" branch="false" />
            <line number="199" hits="64" branch="false" />
            <line number="202" hits="8" branch="false" />
            <line number="203" hits="40" branch="false" />
            <line number="222" hits="28" branch="false" />
            <line number="224" hits="56" branch="false" />
            <line number="228" hits="56" branch="true" condition-coverage="100% (2/2)" />
            <line number="229" hits="48" branch="true" condition-coverage="100% (2/2)" />
            <line number="230" hits="32" branch="false" />
            <line number="231" hits="32" branch="true" condition-coverage="100% (2/2)" />
            <line number="232" hits="8" branch="false" />
            <line number="234" hits="32" branch="false" />
            <line number="236" hits="32" branch="false" />
            <line number="238" hits="32" branch="true" condition-coverage="100% (2/2)" />
            <line number="242" hits="32" branch="false" />
            <line number="244" hits="32" branch="false" />
            <line number="245" hits="16" branch="false" />
            <line number="284" hits="60" branch="false" />
            <line number="286" hits="120" branch="false" />
            <line number="290" hits="120" branch="true" condition-coverage="100% (2/2)" />
            <line number="291" hits="112" branch="true" condition-coverage="100% (2/2)" />
            <line number="294" hits="96" branch="false" />
            <line number="295" hits="304" branch="true" condition-coverage="100% (2/2)" />
            <line number="296" hits="4" branch="false" />
            <line number="297" hits="8" branch="false" />
            <line number="298" hits="8" branch="false" />
            <line number="299" hits="8" branch="false" />
            <line number="300" hits="8" branch="false" />
            <line number="307" hits="44" branch="false" />
            <line number="308" hits="88" branch="true" condition-coverage="100% (2/2)" />
            <line number="309" hits="8" branch="false" />
            <line number="311" hits="16" branch="false" />
            <line number="312" hits="16" branch="true" condition-coverage="100% (2/2)" />
            <line number="313" hits="8" branch="false" />
            <line number="315" hits="36" branch="false" />
            <line number="317" hits="72" branch="false" />
            <line number="318" hits="72" branch="true" condition-coverage="100% (2/2)" />
            <line number="319" hits="28" branch="false" />
            <line number="320" hits="72" branch="false" />
            <line number="321" hits="16" branch="false" />
            <line number="322" hits="8" branch="false" />
            <line number="323" hits="16" branch="true" condition-coverage="100% (2/2)" />
            <line number="326" hits="72" branch="false" />
            <line number="327" hits="72" branch="true" condition-coverage="100% (2/2)" />
            <line number="328" hits="32" branch="false" />
            <line number="329" hits="64" branch="true" condition-coverage="100% (2/2)" />
            <line number="331" hits="24" branch="false" />
            <line number="332" hits="40" branch="true" condition-coverage="100% (2/2)" />
            <line number="334" hits="32" branch="false" />
            <line number="335" hits="32" branch="false" />
            <line number="337" hits="8" branch="false" />
            <line number="338" hits="28" branch="false" />
            <line number="340" hits="64" branch="false" />
            <line number="341" hits="32" branch="false" />
            <line number="366" hits="4" branch="false" />
            <line number="368" hits="8" branch="false" />
            <line number="372" hits="8" branch="true" condition-coverage="50% (1/2)" />
            <line number="373" hits="8" branch="true" condition-coverage="50% (1/2)" />
            <line number="377" hits="8" branch="false" />
            <line number="379" hits="8" branch="false" />
            <line number="381" hits="8" branch="true" condition-coverage="100% (2/2)" />
            <line number="382" hits="8" branch="false" />
            <line number="383" hits="8" branch="true" condition-coverage="50% (1/2)" />
            <line number="384" hits="0" branch="false" />
            <line number="385" hits="8" branch="false" />
            <line number="388" hits="8" branch="false" />
            <line number="390" hits="8" branch="false" />
            <line number="391" hits="4" branch="false" />
            <line number="399" hits="48" branch="false" />
            <line number="401" hits="96" branch="false" />
            <line number="404" hits="96" branch="false" />
            <line number="408" hits="96" branch="false" />
            <line number="409" hits="48" branch="false" />
            <line number="420" hits="40" branch="false" />
            <line number="421" hits="80" branch="false" />
            <line number="422" hits="80" branch="false" />
            <line number="424" hits="80" branch="true" condition-coverage="100% (2/2)" />
            <line number="425" hits="4" branch="false" />
            <line number="426" hits="8" branch="false" />
            <line number="427" hits="8" branch="false" />
            <line number="428" hits="4" branch="false" />
            <line number="430" hits="36" branch="false" />
            <line number="431" hits="72" branch="false" />
            <line number="432" hits="72" branch="false" />
            <line number="433" hits="36" branch="false" />
            <line number="435" hits="80" branch="false" />
            <line number="436" hits="80" branch="false" />
            <line number="437" hits="80" branch="false" />
            <line number="438" hits="40" branch="false" />
            <line number="472" hits="4" branch="false" />
            <line number="473" hits="8" branch="true" condition-coverage="100% (2/2)" />
            <line number="474" hits="4" branch="false" />
            <line number="475" hits="8" branch="true" condition-coverage="100% (2/2)" />
            <line number="476" hits="4" branch="false" />
            <line number="477" hits="4" branch="false" />
            <line number="479" hits="8" branch="false" />
            <line number="480" hits="4" branch="false" />
            <line number="481" hits="8" branch="false" />
            <line number="494" hits="4" branch="false" />
            <line number="496" hits="8" branch="false" />
            <line number="497" hits="8" branch="false" />
            <line number="498" hits="8" branch="false" />
          </lines>
        </class>
        <class name="PropertyGridHelpers.UIEditors.ImageTextUIEditor`1" filename="c:\agent\_work\9\s\Code\PropertyGridHelpers\UIEditors\ImageTextUIEditorT.cs" line-rate="1" branch-rate="1" complexity="2">
          <methods>
            <method name=".ctor" signature="()" line-rate="1" branch-rate="1" complexity="1">
              <lines>
                <line number="42" hits="20" branch="false" />
              </lines>
            </method>
            <method name=".ctor" signature="(System.String)" line-rate="1" branch-rate="1" complexity="1">
              <lines>
                <line number="48" hits="20" branch="false" />
              </lines>
            </method>
          </methods>
          <lines>
            <line number="42" hits="20" branch="false" />
            <line number="48" hits="20" branch="false" />
          </lines>
        </class>
      </classes>
    </package>
  </packages>
</coverage>