<?xml version="1.0" encoding="utf-8"?>
<!DOCTYPE coverage SYSTEM "http://cobertura.sourceforge.net/xml/coverage-04.dtd">
<coverage line-rate="0.895361380798274" branch-rate="1" lines-covered="830" lines-valid="927" branches-covered="0" branches-valid="0" complexity="NaN" version="0" timestamp="1747771733">
  <sources />
  <packages>
    <package name="propertygridhelpers.dll" line-rate="0.895361380798274" branch-rate="1" complexity="NaN">
      <classes>
        <class name="PropertyGridHelpers.Attributes.AllowBlankAttribute" filename="c:\agent\_work\11\s\Code\PropertyGridHelpers\Attributes\AllowBlankAttribute.cs" line-rate="1" branch-rate="1" complexity="NaN">
          <methods>
            <method name="AllowBlankAttribute" signature="(bool, bool, string)" line-rate="1" branch-rate="1">
              <lines>
                <line number="63" hits="8" branch="false" />
                <line number="64" hits="8" branch="false" />
                <line number="65" hits="8" branch="false" />
                <line number="66" hits="8" branch="false" />
                <line number="67" hits="8" branch="false" />
                <line number="68" hits="8" branch="false" />
              </lines>
            </method>
            <method name="Allow" signature="()" line-rate="1" branch-rate="1" complexity="NaN">
              <lines>
                <line number="79" hits="8" branch="false" />
              </lines>
            </method>
            <method name="IncludeItem" signature="()" line-rate="1" branch-rate="1" complexity="NaN">
              <lines>
                <line number="93" hits="8" branch="false" />
              </lines>
            </method>
            <method name="ResourceItem" signature="()" line-rate="1" branch-rate="1" complexity="NaN">
              <lines>
                <line number="108" hits="8" branch="false" />
              </lines>
            </method>
            <method name="GetAllowBlankAttribute" signature="(System.ComponentModel.ITypeDescriptorContext)" line-rate="1" branch-rate="1">
              <lines>
                <line number="121" hits="8" branch="false" />
                <line number="122" hits="8" branch="false" />
                <line number="123" hits="8" branch="false" />
                <line number="124" hits="8" branch="false" />
              </lines>
            </method>
            <method name="IsBlankAllowed" signature="(System.ComponentModel.ITypeDescriptorContext)" line-rate="1" branch-rate="1">
              <lines>
                <line number="134" hits="8" branch="false" />
                <line number="135" hits="8" branch="false" />
                <line number="136" hits="8" branch="false" />
                <line number="137" hits="8" branch="false" />
              </lines>
            </method>
            <method name="GetBlankLabel" signature="(System.ComponentModel.ITypeDescriptorContext)" line-rate="1" branch-rate="1">
              <lines>
                <line number="146" hits="8" branch="false" />
                <line number="147" hits="8" branch="false" />
                <line number="148" hits="8" branch="false" />
                <line number="151" hits="8" branch="false" />
                <line number="152" hits="8" branch="false" />
                <line number="153" hits="8" branch="false" />
                <line number="156" hits="8" branch="false" />
                <line number="157" hits="8" branch="false" />
                <line number="159" hits="8" branch="false" />
                <line number="160" hits="8" branch="false" />
                <line number="161" hits="8" branch="false" />
                <line number="164" hits="8" branch="false" />
                <line number="165" hits="8" branch="false" />
                <line number="167" hits="8" branch="false" />
                <line number="168" hits="8" branch="false" />
                <line number="169" hits="8" branch="false" />
                <line number="170" hits="8" branch="false" />
                <line number="171" hits="8" branch="false" />
                <line number="173" hits="8" branch="false" />
                <line number="174" hits="8" branch="false" />
                <line number="175" hits="8" branch="false" />
                <line number="176" hits="8" branch="false" />
                <line number="177" hits="8" branch="false" />
                <line number="178" hits="8" branch="false" />
                <line number="179" hits="8" branch="false" />
                <line number="180" hits="8" branch="false" />
                <line number="182" hits="8" branch="false" />
                <line number="183" hits="8" branch="false" />
                <line number="186" hits="8" branch="false" />
                <line number="187" hits="8" branch="false" />
              </lines>
            </method>
            <method name="ToString" signature="()" line-rate="1" branch-rate="1">
              <lines>
                <line number="196" hits="8" branch="false" />
              </lines>
            </method>
          </methods>
          <lines>
            <line number="63" hits="8" branch="false" />
            <line number="64" hits="8" branch="false" />
            <line number="65" hits="8" branch="false" />
            <line number="66" hits="8" branch="false" />
            <line number="67" hits="8" branch="false" />
            <line number="68" hits="8" branch="false" />
            <line number="79" hits="8" branch="false" />
            <line number="93" hits="8" branch="false" />
            <line number="108" hits="8" branch="false" />
            <line number="121" hits="8" branch="false" />
            <line number="122" hits="8" branch="false" />
            <line number="123" hits="8" branch="false" />
            <line number="124" hits="8" branch="false" />
            <line number="134" hits="8" branch="false" />
            <line number="135" hits="8" branch="false" />
            <line number="136" hits="8" branch="false" />
            <line number="137" hits="8" branch="false" />
            <line number="146" hits="8" branch="false" />
            <line number="147" hits="8" branch="false" />
            <line number="148" hits="8" branch="false" />
            <line number="151" hits="8" branch="false" />
            <line number="152" hits="8" branch="false" />
            <line number="153" hits="8" branch="false" />
            <line number="156" hits="8" branch="false" />
            <line number="157" hits="8" branch="false" />
            <line number="159" hits="8" branch="false" />
            <line number="160" hits="8" branch="false" />
            <line number="161" hits="8" branch="false" />
            <line number="164" hits="8" branch="false" />
            <line number="165" hits="8" branch="false" />
            <line number="167" hits="8" branch="false" />
            <line number="168" hits="8" branch="false" />
            <line number="169" hits="8" branch="false" />
            <line number="170" hits="8" branch="false" />
            <line number="171" hits="8" branch="false" />
            <line number="173" hits="8" branch="false" />
            <line number="174" hits="8" branch="false" />
            <line number="175" hits="8" branch="false" />
            <line number="176" hits="8" branch="false" />
            <line number="177" hits="8" branch="false" />
            <line number="178" hits="8" branch="false" />
            <line number="179" hits="8" branch="false" />
            <line number="180" hits="8" branch="false" />
            <line number="182" hits="8" branch="false" />
            <line number="183" hits="8" branch="false" />
            <line number="186" hits="8" branch="false" />
            <line number="187" hits="8" branch="false" />
            <line number="196" hits="8" branch="false" />
          </lines>
        </class>
        <class name="PropertyGridHelpers.Attributes.AutoCompleteSetupAttribute" filename="c:\agent\_work\11\s\Code\PropertyGridHelpers\Attributes\AutoCompleteSetupAttribute.cs" line-rate="0" branch-rate="1" complexity="NaN">
          <methods>
            <method name="AutoCompleteSource" signature="()" line-rate="0" branch-rate="1" complexity="NaN">
              <lines>
                <line number="92" hits="0" branch="false" />
              </lines>
            </method>
            <method name="AutoCompleteMode" signature="()" line-rate="0" branch-rate="1" complexity="NaN">
              <lines>
                <line number="109" hits="0" branch="false" />
              </lines>
            </method>
            <method name="DropDownStyle" signature="()" line-rate="0" branch-rate="1" complexity="NaN">
              <lines>
                <line number="126" hits="0" branch="false" />
              </lines>
            </method>
            <method name="Values" signature="()" line-rate="0" branch-rate="1" complexity="NaN">
              <lines>
                <line number="143" hits="0" branch="false" />
              </lines>
            </method>
            <method name="AutoCompleteSetupAttribute" signature="(System.Windows.Forms.AutoCompleteSource)" line-rate="0" branch-rate="1">
              <lines>
                <line number="152" hits="0" branch="false" />
              </lines>
            </method>
            <method name="AutoCompleteSetupAttribute" signature="(System.Windows.Forms.AutoCompleteSource, System.Windows.Forms.ComboBoxStyle)" line-rate="0" branch-rate="1">
              <lines>
                <line number="162" hits="0" branch="false" />
              </lines>
            </method>
            <method name="AutoCompleteSetupAttribute" signature="(System.Windows.Forms.AutoCompleteMode, System.Windows.Forms.AutoCompleteSource, System.Windows.Forms.ComboBoxStyle)" line-rate="0" branch-rate="1">
              <lines>
                <line number="170" hits="0" branch="false" />
                <line number="171" hits="0" branch="false" />
                <line number="172" hits="0" branch="false" />
                <line number="173" hits="0" branch="false" />
                <line number="174" hits="0" branch="false" />
                <line number="175" hits="0" branch="false" />
                <line number="176" hits="0" branch="false" />
                <line number="177" hits="0" branch="false" />
                <line number="178" hits="0" branch="false" />
              </lines>
            </method>
            <method name="AutoCompleteSetupAttribute" signature="(string[])" line-rate="0" branch-rate="1">
              <lines>
                <line number="186" hits="0" branch="false" />
              </lines>
            </method>
            <method name="AutoCompleteSetupAttribute" signature="(System.Windows.Forms.ComboBoxStyle, string[])" line-rate="0" branch-rate="1">
              <lines>
                <line number="196" hits="0" branch="false" />
              </lines>
            </method>
            <method name="AutoCompleteSetupAttribute" signature="(System.Windows.Forms.AutoCompleteMode, string[])" line-rate="0" branch-rate="1">
              <lines>
                <line number="206" hits="0" branch="false" />
              </lines>
            </method>
            <method name="AutoCompleteSetupAttribute" signature="(System.Windows.Forms.AutoCompleteMode, System.Windows.Forms.ComboBoxStyle, string[])" line-rate="0" branch-rate="1">
              <lines>
                <line number="215" hits="0" branch="false" />
                <line number="216" hits="0" branch="false" />
                <line number="217" hits="0" branch="false" />
                <line number="218" hits="0" branch="false" />
                <line number="219" hits="0" branch="false" />
                <line number="220" hits="0" branch="false" />
                <line number="221" hits="0" branch="false" />
                <line number="222" hits="0" branch="false" />
                <line number="223" hits="0" branch="false" />
                <line number="224" hits="0" branch="false" />
              </lines>
            </method>
            <method name="AutoCompleteSetupAttribute" signature="(System.Type)" line-rate="0" branch-rate="1">
              <lines>
                <line number="232" hits="0" branch="false" />
              </lines>
            </method>
            <method name="AutoCompleteSetupAttribute" signature="(System.Windows.Forms.AutoCompleteMode, System.Type)" line-rate="0" branch-rate="1">
              <lines>
                <line number="242" hits="0" branch="false" />
              </lines>
            </method>
            <method name="AutoCompleteSetupAttribute" signature="(System.Windows.Forms.ComboBoxStyle, System.Type)" line-rate="0" branch-rate="1">
              <lines>
                <line number="252" hits="0" branch="false" />
              </lines>
            </method>
            <method name="AutoCompleteSetupAttribute" signature="(System.Windows.Forms.AutoCompleteMode, System.Windows.Forms.ComboBoxStyle, System.Type)" line-rate="0" branch-rate="1">
              <lines>
                <line number="270" hits="0" branch="false" />
                <line number="271" hits="0" branch="false" />
                <line number="272" hits="0" branch="false" />
                <line number="273" hits="0" branch="false" />
                <line number="274" hits="0" branch="false" />
                <line number="275" hits="0" branch="false" />
                <line number="276" hits="0" branch="false" />
                <line number="277" hits="0" branch="false" />
                <line number="282" hits="0" branch="false" />
                <line number="285" hits="0" branch="false" />
                <line number="286" hits="0" branch="false" />
                <line number="287" hits="0" branch="false" />
                <line number="288" hits="0" branch="false" />
                <line number="289" hits="0" branch="false" />
                <line number="290" hits="0" branch="false" />
                <line number="292" hits="0" branch="false" />
                <line number="294" hits="0" branch="false" />
                <line number="295" hits="0" branch="false" />
                <line number="296" hits="0" branch="false" />
                <line number="297" hits="0" branch="false" />
                <line number="302" hits="0" branch="false" />
                <line number="304" hits="0" branch="false" />
                <line number="305" hits="0" branch="false" />
              </lines>
            </method>
            <method name="ToString" signature="()" line-rate="0" branch-rate="1">
              <lines>
                <line number="314" hits="0" branch="false" />
                <line number="315" hits="0" branch="false" />
                <line number="316" hits="0" branch="false" />
              </lines>
            </method>
          </methods>
          <lines>
            <line number="92" hits="0" branch="false" />
            <line number="109" hits="0" branch="false" />
            <line number="126" hits="0" branch="false" />
            <line number="143" hits="0" branch="false" />
            <line number="152" hits="0" branch="false" />
            <line number="162" hits="0" branch="false" />
            <line number="170" hits="0" branch="false" />
            <line number="171" hits="0" branch="false" />
            <line number="172" hits="0" branch="false" />
            <line number="173" hits="0" branch="false" />
            <line number="174" hits="0" branch="false" />
            <line number="175" hits="0" branch="false" />
            <line number="176" hits="0" branch="false" />
            <line number="177" hits="0" branch="false" />
            <line number="178" hits="0" branch="false" />
            <line number="186" hits="0" branch="false" />
            <line number="196" hits="0" branch="false" />
            <line number="206" hits="0" branch="false" />
            <line number="215" hits="0" branch="false" />
            <line number="216" hits="0" branch="false" />
            <line number="217" hits="0" branch="false" />
            <line number="218" hits="0" branch="false" />
            <line number="219" hits="0" branch="false" />
            <line number="220" hits="0" branch="false" />
            <line number="221" hits="0" branch="false" />
            <line number="222" hits="0" branch="false" />
            <line number="223" hits="0" branch="false" />
            <line number="224" hits="0" branch="false" />
            <line number="232" hits="0" branch="false" />
            <line number="242" hits="0" branch="false" />
            <line number="252" hits="0" branch="false" />
            <line number="270" hits="0" branch="false" />
            <line number="271" hits="0" branch="false" />
            <line number="272" hits="0" branch="false" />
            <line number="273" hits="0" branch="false" />
            <line number="274" hits="0" branch="false" />
            <line number="275" hits="0" branch="false" />
            <line number="276" hits="0" branch="false" />
            <line number="277" hits="0" branch="false" />
            <line number="282" hits="0" branch="false" />
            <line number="285" hits="0" branch="false" />
            <line number="286" hits="0" branch="false" />
            <line number="287" hits="0" branch="false" />
            <line number="288" hits="0" branch="false" />
            <line number="289" hits="0" branch="false" />
            <line number="290" hits="0" branch="false" />
            <line number="292" hits="0" branch="false" />
            <line number="294" hits="0" branch="false" />
            <line number="295" hits="0" branch="false" />
            <line number="296" hits="0" branch="false" />
            <line number="297" hits="0" branch="false" />
            <line number="302" hits="0" branch="false" />
            <line number="304" hits="0" branch="false" />
            <line number="305" hits="0" branch="false" />
            <line number="314" hits="0" branch="false" />
            <line number="315" hits="0" branch="false" />
            <line number="316" hits="0" branch="false" />
          </lines>
        </class>
        <class name="PropertyGridHelpers.Attributes.DynamicPathSourceAttribute" filename="c:\agent\_work\11\s\Code\PropertyGridHelpers\Attributes\DynamicPathSourceAttribute.cs" line-rate="1" branch-rate="1" complexity="NaN">
          <methods>
            <method name="PathPropertyName" signature="()" line-rate="1" branch-rate="1" complexity="NaN">
              <lines>
                <line number="60" hits="8" branch="false" />
              </lines>
            </method>
            <method name="DynamicPathSourceAttribute" signature="(string)" line-rate="1" branch-rate="1">
              <lines>
                <line number="70" hits="8" branch="false" />
              </lines>
            </method>
          </methods>
          <lines>
            <line number="60" hits="8" branch="false" />
            <line number="70" hits="8" branch="false" />
          </lines>
        </class>
        <class name="PropertyGridHelpers.Attributes.EnumImageAttribute" filename="c:\agent\_work\11\s\Code\PropertyGridHelpers\Attributes\EnumImageAttribute.cs" line-rate="1" branch-rate="1" complexity="NaN">
          <methods>
            <method name="EnumImageAttribute" signature="()" line-rate="1" branch-rate="1">
              <lines>
                <line number="42" hits="8" branch="false" />
                <line number="43" hits="8" branch="false" />
                <line number="44" hits="8" branch="false" />
                <line number="45" hits="8" branch="false" />
                <line number="46" hits="8" branch="false" />
              </lines>
            </method>
            <method name="EnumImageAttribute" signature="(PropertyGridHelpers.Enums.ImageLocation)" line-rate="1" branch-rate="1">
              <lines>
                <line number="53" hits="8" branch="false" />
                <line number="54" hits="8" branch="false" />
                <line number="55" hits="8" branch="false" />
                <line number="56" hits="8" branch="false" />
                <line number="57" hits="8" branch="false" />
              </lines>
            </method>
            <method name="EnumImageAttribute" signature="(string, PropertyGridHelpers.Enums.ImageLocation)" line-rate="1" branch-rate="1">
              <lines>
                <line number="65" hits="8" branch="false" />
                <line number="66" hits="8" branch="false" />
                <line number="67" hits="8" branch="false" />
                <line number="68" hits="8" branch="false" />
                <line number="69" hits="8" branch="false" />
              </lines>
            </method>
            <method name="EnumImage" signature="()" line-rate="1" branch-rate="1" complexity="NaN">
              <lines>
                <line number="79" hits="8" branch="false" />
              </lines>
            </method>
            <method name="ImageLocation" signature="()" line-rate="1" branch-rate="1" complexity="NaN">
              <lines>
                <line number="90" hits="8" branch="false" />
              </lines>
            </method>
            <method name="GetEnumImage" signature="(System.Enum)" line-rate="1" branch-rate="1">
              <lines>
                <line number="99" hits="8" branch="false" />
                <line number="100" hits="8" branch="false" />
                <line number="101" hits="8" branch="false" />
                <line number="102" hits="8" branch="false" />
                <line number="103" hits="8" branch="false" />
                <line number="104" hits="8" branch="false" />
                <line number="105" hits="8" branch="false" />
                <line number="106" hits="8" branch="false" />
                <line number="107" hits="8" branch="false" />
              </lines>
            </method>
            <method name="Exists" signature="(System.Enum)" line-rate="1" branch-rate="1">
              <lines>
                <line number="114" hits="8" branch="false" />
              </lines>
            </method>
            <method name="Get" signature="(System.Enum)" line-rate="1" branch-rate="1">
              <lines>
                <line number="122" hits="8" branch="false" />
                <line number="123" hits="8" branch="false" />
                <line number="124" hits="8" branch="false" />
                <line number="125" hits="8" branch="false" />
                <line number="126" hits="8" branch="false" />
                <line number="127" hits="8" branch="false" />
              </lines>
            </method>
          </methods>
          <lines>
            <line number="42" hits="8" branch="false" />
            <line number="43" hits="8" branch="false" />
            <line number="44" hits="8" branch="false" />
            <line number="45" hits="8" branch="false" />
            <line number="46" hits="8" branch="false" />
            <line number="53" hits="8" branch="false" />
            <line number="54" hits="8" branch="false" />
            <line number="55" hits="8" branch="false" />
            <line number="56" hits="8" branch="false" />
            <line number="57" hits="8" branch="false" />
            <line number="65" hits="8" branch="false" />
            <line number="66" hits="8" branch="false" />
            <line number="67" hits="8" branch="false" />
            <line number="68" hits="8" branch="false" />
            <line number="69" hits="8" branch="false" />
            <line number="79" hits="8" branch="false" />
            <line number="90" hits="8" branch="false" />
            <line number="99" hits="8" branch="false" />
            <line number="100" hits="8" branch="false" />
            <line number="101" hits="8" branch="false" />
            <line number="102" hits="8" branch="false" />
            <line number="103" hits="8" branch="false" />
            <line number="104" hits="8" branch="false" />
            <line number="105" hits="8" branch="false" />
            <line number="106" hits="8" branch="false" />
            <line number="107" hits="8" branch="false" />
            <line number="114" hits="8" branch="false" />
            <line number="122" hits="8" branch="false" />
            <line number="123" hits="8" branch="false" />
            <line number="124" hits="8" branch="false" />
            <line number="125" hits="8" branch="false" />
            <line number="126" hits="8" branch="false" />
            <line number="127" hits="8" branch="false" />
          </lines>
        </class>
        <class name="PropertyGridHelpers.Attributes.EnumTextAttribute" filename="c:\agent\_work\11\s\Code\PropertyGridHelpers\Attributes\EnumTextAttribute.cs" line-rate="1" branch-rate="1" complexity="NaN">
          <methods>
            <method name="EnumTextAttribute" signature="(string)" line-rate="1" branch-rate="1">
              <lines>
                <line number="70" hits="8" branch="false" />
              </lines>
            </method>
            <method name="EnumText" signature="()" line-rate="1" branch-rate="1" complexity="NaN">
              <lines>
                <line number="81" hits="8" branch="false" />
              </lines>
            </method>
            <method name="Exists" signature="(System.Enum)" line-rate="1" branch-rate="1">
              <lines>
                <line number="95" hits="8" branch="false" />
              </lines>
            </method>
            <method name="Get" signature="(System.Enum)" line-rate="1" branch-rate="1">
              <lines>
                <line number="105" hits="8" branch="false" />
                <line number="106" hits="8" branch="false" />
                <line number="107" hits="8" branch="false" />
                <line number="108" hits="8" branch="false" />
                <line number="109" hits="8" branch="false" />
                <line number="110" hits="8" branch="false" />
              </lines>
            </method>
          </methods>
          <lines>
            <line number="70" hits="8" branch="false" />
            <line number="81" hits="8" branch="false" />
            <line number="95" hits="8" branch="false" />
            <line number="105" hits="8" branch="false" />
            <line number="106" hits="8" branch="false" />
            <line number="107" hits="8" branch="false" />
            <line number="108" hits="8" branch="false" />
            <line number="109" hits="8" branch="false" />
            <line number="110" hits="8" branch="false" />
          </lines>
        </class>
        <class name="PropertyGridHelpers.Attributes.FileExtensionAttribute" filename="c:\agent\_work\11\s\Code\PropertyGridHelpers\Attributes\FileExtensionAttribute.cs" line-rate="1" branch-rate="1" complexity="NaN">
          <methods>
            <method name="PropertyName" signature="()" line-rate="1" branch-rate="1" complexity="NaN">
              <lines>
                <line number="47" hits="8" branch="false" />
              </lines>
            </method>
            <method name="FileExtensionAttribute" signature="(string)" line-rate="1" branch-rate="1">
              <lines>
                <line number="57" hits="8" branch="false" />
              </lines>
            </method>
            <method name="Exists" signature="(System.ComponentModel.ITypeDescriptorContext)" line-rate="1" branch-rate="1">
              <lines>
                <line number="64" hits="8" branch="false" />
              </lines>
            </method>
            <method name="Get" signature="(System.ComponentModel.ITypeDescriptorContext)" line-rate="1" branch-rate="1">
              <lines>
                <line number="72" hits="8" branch="false" />
                <line number="73" hits="8" branch="false" />
                <line number="74" hits="8" branch="false" />
                <line number="75" hits="8" branch="false" />
                <line number="76" hits="8" branch="false" />
                <line number="77" hits="8" branch="false" />
                <line number="78" hits="8" branch="false" />
                <line number="79" hits="8" branch="false" />
                <line number="80" hits="8" branch="false" />
              </lines>
            </method>
          </methods>
          <lines>
            <line number="47" hits="8" branch="false" />
            <line number="57" hits="8" branch="false" />
            <line number="64" hits="8" branch="false" />
            <line number="72" hits="8" branch="false" />
            <line number="73" hits="8" branch="false" />
            <line number="74" hits="8" branch="false" />
            <line number="75" hits="8" branch="false" />
            <line number="76" hits="8" branch="false" />
            <line number="77" hits="8" branch="false" />
            <line number="78" hits="8" branch="false" />
            <line number="79" hits="8" branch="false" />
            <line number="80" hits="8" branch="false" />
          </lines>
        </class>
        <class name="PropertyGridHelpers.Attributes.LocalizedCategoryAttribute" filename="c:\agent\_work\11\s\Code\PropertyGridHelpers\Attributes\LocalizedCategoryAttribute.cs" line-rate="1" branch-rate="1" complexity="NaN">
          <methods>
            <method name="LocalizedCategoryAttribute" signature="(string)" line-rate="1" branch-rate="1">
              <lines>
                <line number="89" hits="8" branch="false" />
                <line number="90" hits="8" branch="false" />
                <line number="91" hits="8" branch="false" />
              </lines>
            </method>
          </methods>
          <lines>
            <line number="89" hits="8" branch="false" />
            <line number="90" hits="8" branch="false" />
            <line number="91" hits="8" branch="false" />
          </lines>
        </class>
        <class name="PropertyGridHelpers.Attributes.LocalizedDescriptionAttribute" filename="c:\agent\_work\11\s\Code\PropertyGridHelpers\Attributes\LocalizedDescriptionAttribute.cs" line-rate="1" branch-rate="1" complexity="NaN">
          <methods>
            <method name="LocalizedDescriptionAttribute" signature="(string)" line-rate="1" branch-rate="1">
              <lines>
                <line number="83" hits="8" branch="false" />
                <line number="84" hits="8" branch="false" />
                <line number="85" hits="8" branch="false" />
              </lines>
            </method>
          </methods>
          <lines>
            <line number="83" hits="8" branch="false" />
            <line number="84" hits="8" branch="false" />
            <line number="85" hits="8" branch="false" />
          </lines>
        </class>
        <class name="PropertyGridHelpers.Attributes.LocalizedDisplayNameAttribute" filename="c:\agent\_work\11\s\Code\PropertyGridHelpers\Attributes\LocalizedDisplayNameAttribute.cs" line-rate="1" branch-rate="1" complexity="NaN">
          <methods>
            <method name="LocalizedDisplayNameAttribute" signature="(string)" line-rate="1" branch-rate="1">
              <lines>
                <line number="81" hits="8" branch="false" />
                <line number="82" hits="8" branch="false" />
                <line number="83" hits="8" branch="false" />
              </lines>
            </method>
          </methods>
          <lines>
            <line number="81" hits="8" branch="false" />
            <line number="82" hits="8" branch="false" />
            <line number="83" hits="8" branch="false" />
          </lines>
        </class>
        <class name="PropertyGridHelpers.Attributes.LocalizedEnumTextAttribute" filename="c:\agent\_work\11\s\Code\PropertyGridHelpers\Attributes\LocalizedEnumTextAttribute.cs" line-rate="1" branch-rate="1" complexity="NaN">
          <methods>
            <method name="LocalizedEnumTextAttribute" signature="(string)" line-rate="1" branch-rate="1">
              <lines>
                <line number="72" hits="8" branch="false" />
                <line number="73" hits="8" branch="false" />
                <line number="74" hits="8" branch="false" />
              </lines>
            </method>
          </methods>
          <lines>
            <line number="72" hits="8" branch="false" />
            <line number="73" hits="8" branch="false" />
            <line number="74" hits="8" branch="false" />
          </lines>
        </class>
        <class name="PropertyGridHelpers.Attributes.LocalizedTextAttribute" filename="c:\agent\_work\11\s\Code\PropertyGridHelpers\Attributes\LocalizedTextAttribute.cs" line-rate="1" branch-rate="1" complexity="NaN">
          <methods>
            <method name="ResourceKey" signature="()" line-rate="1" branch-rate="1" complexity="NaN">
              <lines>
                <line number="28" hits="8" branch="false" />
              </lines>
            </method>
            <method name="LocalizedTextAttribute" signature="(string)" line-rate="1" branch-rate="1">
              <lines>
                <line number="38" hits="8" branch="false" />
                <line number="39" hits="8" branch="false" />
              </lines>
            </method>
            <method name="GetLocalizedText" signature="(System.Type)" line-rate="1" branch-rate="1">
              <lines>
                <line number="48" hits="8" branch="false" />
                <line number="50" hits="8" branch="false" />
                <line number="52" hits="8" branch="false" />
                <line number="56" hits="8" branch="false" />
                <line number="59" hits="8" branch="false" />
                <line number="60" hits="8" branch="false" />
                <line number="63" hits="8" branch="false" />
                <line number="64" hits="8" branch="false" />
                <line number="67" hits="8" branch="false" />
                <line number="68" hits="8" branch="false" />
              </lines>
            </method>
          </methods>
          <lines>
            <line number="28" hits="8" branch="false" />
            <line number="38" hits="8" branch="false" />
            <line number="39" hits="8" branch="false" />
            <line number="48" hits="8" branch="false" />
            <line number="50" hits="8" branch="false" />
            <line number="52" hits="8" branch="false" />
            <line number="56" hits="8" branch="false" />
            <line number="59" hits="8" branch="false" />
            <line number="60" hits="8" branch="false" />
            <line number="63" hits="8" branch="false" />
            <line number="64" hits="8" branch="false" />
            <line number="67" hits="8" branch="false" />
            <line number="68" hits="8" branch="false" />
          </lines>
        </class>
        <class name="PropertyGridHelpers.Attributes.ResourcePathAttribute" filename="c:\agent\_work\11\s\Code\PropertyGridHelpers\Attributes\ResourcePathAttribute.cs" line-rate="1" branch-rate="1" complexity="NaN">
          <methods>
            <method name="ResourcePath" signature="()" line-rate="1" branch-rate="1" complexity="NaN">
              <lines>
                <line number="67" hits="8" branch="false" />
              </lines>
            </method>
            <method name="ResourceAssembly" signature="()" line-rate="1" branch-rate="1" complexity="NaN">
              <lines>
                <line number="82" hits="8" branch="false" />
              </lines>
            </method>
            <method name="ResourcePathAttribute" signature="(string, string)" line-rate="1" branch-rate="1">
              <lines>
                <line number="94" hits="8" branch="false" />
                <line number="95" hits="8" branch="false" />
                <line number="96" hits="8" branch="false" />
                <line number="97" hits="8" branch="false" />
                <line number="98" hits="8" branch="false" />
              </lines>
            </method>
            <method name="GetAssembly" signature="()" line-rate="1" branch-rate="1">
              <lines>
                <line number="104" hits="8" branch="false" />
                <line number="105" hits="8" branch="false" />
                <line number="106" hits="8" branch="false" />
              </lines>
            </method>
          </methods>
          <lines>
            <line number="67" hits="8" branch="false" />
            <line number="82" hits="8" branch="false" />
            <line number="94" hits="8" branch="false" />
            <line number="95" hits="8" branch="false" />
            <line number="96" hits="8" branch="false" />
            <line number="97" hits="8" branch="false" />
            <line number="98" hits="8" branch="false" />
            <line number="104" hits="8" branch="false" />
            <line number="105" hits="8" branch="false" />
            <line number="106" hits="8" branch="false" />
          </lines>
        </class>
        <class name="PropertyGridHelpers.Controls.AutoCompleteComboBox" filename="c:\agent\_work\11\s\Code\PropertyGridHelpers\Controls\AutoCompleteComboBox.cs" line-rate="0" branch-rate="1" complexity="NaN">
          <methods>
            <method name="AutoCompleteComboBox" signature="()" line-rate="0" branch-rate="1">
              <lines>
                <line number="36" hits="0" branch="false" />
                <line number="37" hits="0" branch="false" />
                <line number="38" hits="0" branch="false" />
                <line number="39" hits="0" branch="false" />
                <line number="40" hits="0" branch="false" />
                <line number="41" hits="0" branch="false" />
                <line number="56" hits="0" branch="false" />
                <line number="57" hits="0" branch="false" />
                <line number="71" hits="0" branch="false" />
              </lines>
            </method>
            <method name="Value" signature="()" line-rate="0" branch-rate="1" complexity="NaN">
              <lines>
                <line number="56" hits="0" branch="false" />
              </lines>
            </method>
            <method name="Value" signature="(object)" line-rate="0" branch-rate="1" complexity="NaN">
              <lines>
                <line number="57" hits="0" branch="false" />
              </lines>
            </method>
            <method name="OnSelectedValueChanged" signature="(System.EventArgs)" line-rate="0" branch-rate="1">
              <lines>
                <line number="78" hits="0" branch="false" />
                <line number="79" hits="0" branch="false" />
                <line number="80" hits="0" branch="false" />
                <line number="81" hits="0" branch="false" />
              </lines>
            </method>
            <method name="OnLeave" signature="(System.EventArgs)" line-rate="0" branch-rate="1">
              <lines>
                <line number="88" hits="0" branch="false" />
                <line number="89" hits="0" branch="false" />
                <line number="90" hits="0" branch="false" />
                <line number="91" hits="0" branch="false" />
              </lines>
            </method>
          </methods>
          <lines>
            <line number="36" hits="0" branch="false" />
            <line number="37" hits="0" branch="false" />
            <line number="38" hits="0" branch="false" />
            <line number="39" hits="0" branch="false" />
            <line number="40" hits="0" branch="false" />
            <line number="41" hits="0" branch="false" />
            <line number="56" hits="0" branch="false" />
            <line number="57" hits="0" branch="false" />
            <line number="71" hits="0" branch="false" />
            <line number="78" hits="0" branch="false" />
            <line number="79" hits="0" branch="false" />
            <line number="80" hits="0" branch="false" />
            <line number="81" hits="0" branch="false" />
            <line number="88" hits="0" branch="false" />
            <line number="89" hits="0" branch="false" />
            <line number="90" hits="0" branch="false" />
            <line number="91" hits="0" branch="false" />
          </lines>
        </class>
        <class name="PropertyGridHelpers.Controls.FlagCheckedListBox" filename="c:\agent\_work\11\s\Code\PropertyGridHelpers\Controls\FlagCheckedListBox.cs" line-rate="1" branch-rate="1" complexity="NaN">
          <methods>
            <method name="FlagCheckedListBox" signature="()" line-rate="1" branch-rate="1">
              <lines>
                <line number="52" hits="8" branch="false" />
                <line number="57" hits="8" branch="false" />
              </lines>
            </method>
            <method name="Dispose" signature="(bool)" line-rate="1" branch-rate="1">
              <lines>
                <line number="63" hits="8" branch="false" />
              </lines>
            </method>
            <method name="InitializeComponent" signature="()" line-rate="1" branch-rate="1">
              <lines>
                <line number="70" hits="8" branch="false" />
              </lines>
            </method>
            <method name="Add" signature="(int, string)" line-rate="1" branch-rate="1">
              <lines>
                <line number="81" hits="8" branch="false" />
                <line number="82" hits="8" branch="false" />
                <line number="83" hits="8" branch="false" />
                <line number="84" hits="8" branch="false" />
                <line number="85" hits="8" branch="false" />
              </lines>
            </method>
            <method name="Clear" signature="()" line-rate="1" branch-rate="1">
              <lines>
                <line number="90" hits="8" branch="false" />
              </lines>
            </method>
            <method name="Add" signature="(PropertyGridHelpers.Controls.FlagCheckedListBoxItem)" line-rate="1" branch-rate="1">
              <lines>
                <line number="98" hits="8" branch="false" />
                <line number="99" hits="8" branch="false" />
                <line number="100" hits="8" branch="false" />
                <line number="101" hits="8" branch="false" />
              </lines>
            </method>
            <method name="OnItemCheck" signature="(System.Windows.Forms.ItemCheckEventArgs)" line-rate="1" branch-rate="1">
              <lines>
                <line number="108" hits="8" branch="false" />
                <line number="109" hits="8" branch="false" />
                <line number="111" hits="8" branch="false" />
                <line number="113" hits="8" branch="false" />
                <line number="114" hits="8" branch="false" />
                <line number="117" hits="8" branch="false" />
                <line number="119" hits="8" branch="false" />
                <line number="120" hits="8" branch="false" />
              </lines>
            </method>
            <method name="UpdateCheckedItems" signature="(int)" line-rate="1" branch-rate="1">
              <lines>
                <line number="127" hits="8" branch="false" />
                <line number="128" hits="8" branch="false" />
                <line number="131" hits="8" branch="false" />
                <line number="132" hits="8" branch="false" />
                <line number="133" hits="8" branch="false" />
                <line number="135" hits="8" branch="false" />
                <line number="138" hits="8" branch="false" />
                <line number="139" hits="8" branch="false" />
                <line number="142" hits="8" branch="false" />
                <line number="143" hits="8" branch="false" />
                <line number="145" hits="8" branch="false" />
                <line number="147" hits="8" branch="false" />
                <line number="148" hits="8" branch="false" />
              </lines>
            </method>
            <method name="UpdateCheckedItems" signature="(PropertyGridHelpers.Controls.FlagCheckedListBoxItem, System.Windows.Forms.CheckState)" line-rate="1" branch-rate="1">
              <lines>
                <line number="158" hits="8" branch="false" />
                <line number="160" hits="8" branch="false" />
                <line number="161" hits="8" branch="false" />
                <line number="164" hits="8" branch="false" />
                <line number="165" hits="8" branch="false" />
                <line number="166" hits="8" branch="false" />
                <line number="167" hits="8" branch="false" />
                <line number="170" hits="8" branch="false" />
                <line number="171" hits="8" branch="false" />
                <line number="172" hits="8" branch="false" />
                <line number="175" hits="8" branch="false" />
                <line number="176" hits="8" branch="false" />
                <line number="178" hits="8" branch="false" />
                <line number="179" hits="8" branch="false" />
                <line number="182" hits="8" branch="false" />
                <line number="183" hits="8" branch="false" />
                <line number="186" hits="8" branch="false" />
                <line number="187" hits="8" branch="false" />
              </lines>
            </method>
            <method name="GetCurrentValue" signature="()" line-rate="1" branch-rate="1">
              <lines>
                <line number="197" hits="8" branch="false" />
                <line number="198" hits="8" branch="false" />
                <line number="200" hits="8" branch="false" />
                <line number="201" hits="8" branch="false" />
                <line number="202" hits="8" branch="false" />
                <line number="204" hits="8" branch="false" />
                <line number="205" hits="8" branch="false" />
                <line number="206" hits="8" branch="false" />
                <line number="208" hits="8" branch="false" />
                <line number="209" hits="8" branch="false" />
              </lines>
            </method>
            <method name="FillEnumMembers" signature="()" line-rate="1" branch-rate="1">
              <lines>
                <line number="218" hits="8" branch="false" />
                <line number="219" hits="8" branch="false" />
                <line number="220" hits="8" branch="false" />
                <line number="221" hits="8" branch="false" />
                <line number="222" hits="8" branch="false" />
                <line number="223" hits="8" branch="false" />
                <line number="225" hits="8" branch="false" />
                <line number="226" hits="8" branch="false" />
                <line number="227" hits="8" branch="false" />
              </lines>
            </method>
            <method name="ApplyEnumValue" signature="()" line-rate="1" branch-rate="1">
              <lines>
                <line number="234" hits="8" branch="false" />
                <line number="235" hits="8" branch="false" />
                <line number="236" hits="8" branch="false" />
                <line number="237" hits="8" branch="false" />
              </lines>
            </method>
            <method name="EnumValue" signature="()" line-rate="1" branch-rate="1" complexity="NaN">
              <lines>
                <line number="284" hits="8" branch="false" />
                <line number="285" hits="8" branch="false" />
                <line number="286" hits="8" branch="false" />
                <line number="287" hits="8" branch="false" />
              </lines>
            </method>
            <method name="EnumValue" signature="(System.Enum)" line-rate="1" branch-rate="1" complexity="NaN">
              <lines>
                <line number="289" hits="8" branch="false" />
                <line number="293" hits="8" branch="false" />
                <line number="294" hits="8" branch="false" />
                <line number="296" hits="8" branch="false" />
                <line number="298" hits="8" branch="false" />
                <line number="299" hits="8" branch="false" />
                <line number="300" hits="8" branch="false" />
                <line number="301" hits="8" branch="false" />
                <line number="302" hits="8" branch="false" />
                <line number="303" hits="8" branch="false" />
                <line number="304" hits="8" branch="false" />
              </lines>
            </method>
            <method name="Converter" signature="()" line-rate="1" branch-rate="1" complexity="NaN">
              <lines>
                <line number="337" hits="8" branch="false" />
              </lines>
            </method>
            <method name="Converter" signature="(System.ComponentModel.EnumConverter)" line-rate="1" branch-rate="1" complexity="NaN">
              <lines>
                <line number="337" hits="8" branch="false" />
              </lines>
            </method>
            <method name="Value" signature="()" line-rate="1" branch-rate="1" complexity="NaN">
              <lines>
                <line number="346" hits="8" branch="false" />
              </lines>
            </method>
            <method name="Value" signature="(object)" line-rate="1" branch-rate="1" complexity="NaN">
              <lines>
                <line number="347" hits="8" branch="false" />
              </lines>
            </method>
          </methods>
          <lines>
            <line number="52" hits="8" branch="false" />
            <line number="57" hits="8" branch="false" />
            <line number="63" hits="8" branch="false" />
            <line number="70" hits="8" branch="false" />
            <line number="81" hits="8" branch="false" />
            <line number="82" hits="8" branch="false" />
            <line number="83" hits="8" branch="false" />
            <line number="84" hits="8" branch="false" />
            <line number="85" hits="8" branch="false" />
            <line number="90" hits="8" branch="false" />
            <line number="98" hits="8" branch="false" />
            <line number="99" hits="8" branch="false" />
            <line number="100" hits="8" branch="false" />
            <line number="101" hits="8" branch="false" />
            <line number="108" hits="8" branch="false" />
            <line number="109" hits="8" branch="false" />
            <line number="111" hits="8" branch="false" />
            <line number="113" hits="8" branch="false" />
            <line number="114" hits="8" branch="false" />
            <line number="117" hits="8" branch="false" />
            <line number="119" hits="8" branch="false" />
            <line number="120" hits="8" branch="false" />
            <line number="127" hits="8" branch="false" />
            <line number="128" hits="8" branch="false" />
            <line number="131" hits="8" branch="false" />
            <line number="132" hits="8" branch="false" />
            <line number="133" hits="8" branch="false" />
            <line number="135" hits="8" branch="false" />
            <line number="138" hits="8" branch="false" />
            <line number="139" hits="8" branch="false" />
            <line number="142" hits="8" branch="false" />
            <line number="143" hits="8" branch="false" />
            <line number="145" hits="8" branch="false" />
            <line number="147" hits="8" branch="false" />
            <line number="148" hits="8" branch="false" />
            <line number="158" hits="8" branch="false" />
            <line number="160" hits="8" branch="false" />
            <line number="161" hits="8" branch="false" />
            <line number="164" hits="8" branch="false" />
            <line number="165" hits="8" branch="false" />
            <line number="166" hits="8" branch="false" />
            <line number="167" hits="8" branch="false" />
            <line number="170" hits="8" branch="false" />
            <line number="171" hits="8" branch="false" />
            <line number="172" hits="8" branch="false" />
            <line number="175" hits="8" branch="false" />
            <line number="176" hits="8" branch="false" />
            <line number="178" hits="8" branch="false" />
            <line number="179" hits="8" branch="false" />
            <line number="182" hits="8" branch="false" />
            <line number="183" hits="8" branch="false" />
            <line number="186" hits="8" branch="false" />
            <line number="187" hits="8" branch="false" />
            <line number="197" hits="8" branch="false" />
            <line number="198" hits="8" branch="false" />
            <line number="200" hits="8" branch="false" />
            <line number="201" hits="8" branch="false" />
            <line number="202" hits="8" branch="false" />
            <line number="204" hits="8" branch="false" />
            <line number="205" hits="8" branch="false" />
            <line number="206" hits="8" branch="false" />
            <line number="208" hits="8" branch="false" />
            <line number="209" hits="8" branch="false" />
            <line number="218" hits="8" branch="false" />
            <line number="219" hits="8" branch="false" />
            <line number="220" hits="8" branch="false" />
            <line number="221" hits="8" branch="false" />
            <line number="222" hits="8" branch="false" />
            <line number="223" hits="8" branch="false" />
            <line number="225" hits="8" branch="false" />
            <line number="226" hits="8" branch="false" />
            <line number="227" hits="8" branch="false" />
            <line number="234" hits="8" branch="false" />
            <line number="235" hits="8" branch="false" />
            <line number="236" hits="8" branch="false" />
            <line number="237" hits="8" branch="false" />
            <line number="284" hits="8" branch="false" />
            <line number="285" hits="8" branch="false" />
            <line number="286" hits="8" branch="false" />
            <line number="287" hits="8" branch="false" />
            <line number="289" hits="8" branch="false" />
            <line number="293" hits="8" branch="false" />
            <line number="294" hits="8" branch="false" />
            <line number="296" hits="8" branch="false" />
            <line number="298" hits="8" branch="false" />
            <line number="299" hits="8" branch="false" />
            <line number="300" hits="8" branch="false" />
            <line number="301" hits="8" branch="false" />
            <line number="302" hits="8" branch="false" />
            <line number="303" hits="8" branch="false" />
            <line number="304" hits="8" branch="false" />
            <line number="337" hits="8" branch="false" />
            <line number="346" hits="8" branch="false" />
            <line number="347" hits="8" branch="false" />
          </lines>
        </class>
        <class name="PropertyGridHelpers.Controls.FlagCheckedListBoxItem" filename="c:\agent\_work\11\s\Code\PropertyGridHelpers\Controls\FlagCheckedListBoxItem.cs" line-rate="1" branch-rate="1" complexity="NaN">
          <methods>
            <method name="FlagCheckedListBoxItem" signature="(int, string)" line-rate="1" branch-rate="1">
              <lines>
                <line number="13" hits="8" branch="false" />
                <line number="14" hits="8" branch="false" />
                <line number="15" hits="8" branch="false" />
                <line number="16" hits="8" branch="false" />
                <line number="17" hits="8" branch="false" />
              </lines>
            </method>
            <method name="ToString" signature="()" line-rate="1" branch-rate="1">
              <lines>
                <line number="25" hits="8" branch="false" />
              </lines>
            </method>
            <method name="IsFlag" signature="()" line-rate="1" branch-rate="1" complexity="NaN">
              <lines>
                <line number="36" hits="8" branch="false" />
                <line number="37" hits="8" branch="false" />
                <line number="38" hits="8" branch="false" />
              </lines>
            </method>
            <method name="Value" signature="()" line-rate="1" branch-rate="1" complexity="NaN">
              <lines>
                <line number="49" hits="8" branch="false" />
              </lines>
            </method>
            <method name="Caption" signature="()" line-rate="1" branch-rate="1" complexity="NaN">
              <lines>
                <line number="60" hits="8" branch="false" />
              </lines>
            </method>
            <method name="IsMemberFlag" signature="(PropertyGridHelpers.Controls.FlagCheckedListBoxItem)" line-rate="1" branch-rate="1">
              <lines>
                <line number="71" hits="8" branch="false" />
              </lines>
            </method>
          </methods>
          <lines>
            <line number="13" hits="8" branch="false" />
            <line number="14" hits="8" branch="false" />
            <line number="15" hits="8" branch="false" />
            <line number="16" hits="8" branch="false" />
            <line number="17" hits="8" branch="false" />
            <line number="25" hits="8" branch="false" />
            <line number="36" hits="8" branch="false" />
            <line number="37" hits="8" branch="false" />
            <line number="38" hits="8" branch="false" />
            <line number="49" hits="8" branch="false" />
            <line number="60" hits="8" branch="false" />
            <line number="71" hits="8" branch="false" />
          </lines>
        </class>
        <class name="PropertyGridHelpers.Converters.EnumTextConverter" filename="c:\agent\_work\11\s\Code\PropertyGridHelpers\Converters\EnumTextConverter.cs" line-rate="1" branch-rate="1" complexity="NaN">
          <methods>
            <method name="EnumTextConverter" signature="(System.Type)" line-rate="1" branch-rate="1">
              <lines>
                <line number="28" hits="8" branch="false" />
              </lines>
            </method>
            <method name="CanConvertTo" signature="(System.ComponentModel.ITypeDescriptorContext, System.Type)" line-rate="1" branch-rate="1">
              <lines>
                <line number="46" hits="8" branch="false" />
                <line number="47" hits="8" branch="false" />
                <line number="48" hits="8" branch="false" />
              </lines>
            </method>
            <method name="ConvertTo" signature="(System.ComponentModel.ITypeDescriptorContext, System.Globalization.CultureInfo, object, System.Type)" line-rate="1" branch-rate="1">
              <lines>
                <line number="64" hits="8" branch="false" />
                <line number="65" hits="8" branch="false" />
                <line number="66" hits="8" branch="false" />
                <line number="67" hits="8" branch="false" />
                <line number="68" hits="8" branch="false" />
                <line number="69" hits="8" branch="false" />
                <line number="70" hits="8" branch="false" />
                <line number="71" hits="8" branch="false" />
                <line number="72" hits="8" branch="false" />
                <line number="73" hits="8" branch="false" />
                <line number="75" hits="8" branch="false" />
                <line number="77" hits="8" branch="false" />
                <line number="78" hits="8" branch="false" />
                <line number="79" hits="8" branch="false" />
                <line number="80" hits="8" branch="false" />
              </lines>
            </method>
            <method name="CanConvertFrom" signature="(System.ComponentModel.ITypeDescriptorContext, System.Type)" line-rate="1" branch-rate="1">
              <lines>
                <line number="91" hits="8" branch="false" />
              </lines>
            </method>
            <method name="ConvertFrom" signature="(System.ComponentModel.ITypeDescriptorContext, System.Globalization.CultureInfo, object)" line-rate="1" branch-rate="1">
              <lines>
                <line number="105" hits="8" branch="false" />
                <line number="106" hits="8" branch="false" />
                <line number="107" hits="8" branch="false" />
                <line number="108" hits="8" branch="false" />
                <line number="109" hits="8" branch="false" />
                <line number="110" hits="8" branch="false" />
                <line number="111" hits="8" branch="false" />
                <line number="113" hits="8" branch="false" />
                <line number="114" hits="8" branch="false" />
                <line number="115" hits="8" branch="false" />
                <line number="117" hits="8" branch="false" />
                <line number="118" hits="8" branch="false" />
                <line number="120" hits="8" branch="false" />
                <line number="121" hits="8" branch="false" />
                <line number="122" hits="8" branch="false" />
                <line number="125" hits="8" branch="false" />
                <line number="126" hits="8" branch="false" />
                <line number="127" hits="8" branch="false" />
                <line number="128" hits="8" branch="false" />
                <line number="129" hits="8" branch="false" />
                <line number="132" hits="8" branch="false" />
                <line number="133" hits="8" branch="false" />
              </lines>
            </method>
            <method name="GetStandardValues" signature="(System.ComponentModel.ITypeDescriptorContext)" line-rate="1" branch-rate="1">
              <lines>
                <line number="143" hits="8" branch="false" />
                <line number="145" hits="8" branch="false" />
                <line number="146" hits="8" branch="false" />
                <line number="147" hits="8" branch="false" />
                <line number="148" hits="8" branch="false" />
                <line number="149" hits="8" branch="false" />
                <line number="150" hits="8" branch="false" />
                <line number="152" hits="8" branch="false" />
                <line number="154" hits="8" branch="false" />
                <line number="155" hits="8" branch="false" />
              </lines>
            </method>
            <method name="Dispose" signature="(bool)" line-rate="1" branch-rate="1">
              <lines>
                <line number="164" hits="8" branch="false" />
                <line number="165" hits="8" branch="false" />
                <line number="166" hits="8" branch="false" />
                <line number="167" hits="8" branch="false" />
                <line number="168" hits="8" branch="false" />
                <line number="170" hits="8" branch="false" />
                <line number="174" hits="8" branch="false" />
                <line number="175" hits="8" branch="false" />
                <line number="176" hits="8" branch="false" />
              </lines>
            </method>
            <method name="Dispose" signature="()" line-rate="1" branch-rate="1">
              <lines>
                <line number="189" hits="8" branch="false" />
                <line number="191" hits="8" branch="false" />
                <line number="192" hits="8" branch="false" />
                <line number="193" hits="8" branch="false" />
              </lines>
            </method>
          </methods>
          <lines>
            <line number="28" hits="8" branch="false" />
            <line number="46" hits="8" branch="false" />
            <line number="47" hits="8" branch="false" />
            <line number="48" hits="8" branch="false" />
            <line number="64" hits="8" branch="false" />
            <line number="65" hits="8" branch="false" />
            <line number="66" hits="8" branch="false" />
            <line number="67" hits="8" branch="false" />
            <line number="68" hits="8" branch="false" />
            <line number="69" hits="8" branch="false" />
            <line number="70" hits="8" branch="false" />
            <line number="71" hits="8" branch="false" />
            <line number="72" hits="8" branch="false" />
            <line number="73" hits="8" branch="false" />
            <line number="75" hits="8" branch="false" />
            <line number="77" hits="8" branch="false" />
            <line number="78" hits="8" branch="false" />
            <line number="79" hits="8" branch="false" />
            <line number="80" hits="8" branch="false" />
            <line number="91" hits="8" branch="false" />
            <line number="105" hits="8" branch="false" />
            <line number="106" hits="8" branch="false" />
            <line number="107" hits="8" branch="false" />
            <line number="108" hits="8" branch="false" />
            <line number="109" hits="8" branch="false" />
            <line number="110" hits="8" branch="false" />
            <line number="111" hits="8" branch="false" />
            <line number="113" hits="8" branch="false" />
            <line number="114" hits="8" branch="false" />
            <line number="115" hits="8" branch="false" />
            <line number="117" hits="8" branch="false" />
            <line number="118" hits="8" branch="false" />
            <line number="120" hits="8" branch="false" />
            <line number="121" hits="8" branch="false" />
            <line number="122" hits="8" branch="false" />
            <line number="125" hits="8" branch="false" />
            <line number="126" hits="8" branch="false" />
            <line number="127" hits="8" branch="false" />
            <line number="128" hits="8" branch="false" />
            <line number="129" hits="8" branch="false" />
            <line number="132" hits="8" branch="false" />
            <line number="133" hits="8" branch="false" />
            <line number="143" hits="8" branch="false" />
            <line number="145" hits="8" branch="false" />
            <line number="146" hits="8" branch="false" />
            <line number="147" hits="8" branch="false" />
            <line number="148" hits="8" branch="false" />
            <line number="149" hits="8" branch="false" />
            <line number="150" hits="8" branch="false" />
            <line number="152" hits="8" branch="false" />
            <line number="154" hits="8" branch="false" />
            <line number="155" hits="8" branch="false" />
            <line number="164" hits="8" branch="false" />
            <line number="165" hits="8" branch="false" />
            <line number="166" hits="8" branch="false" />
            <line number="167" hits="8" branch="false" />
            <line number="168" hits="8" branch="false" />
            <line number="170" hits="8" branch="false" />
            <line number="174" hits="8" branch="false" />
            <line number="175" hits="8" branch="false" />
            <line number="176" hits="8" branch="false" />
            <line number="189" hits="8" branch="false" />
            <line number="191" hits="8" branch="false" />
            <line number="192" hits="8" branch="false" />
            <line number="193" hits="8" branch="false" />
          </lines>
        </class>
        <class name="PropertyGridHelpers.Converters.EnumTextConverter&lt;T&gt;" filename="c:\agent\_work\11\s\Code\PropertyGridHelpers\Converters\EnumTextConverterT.cs" line-rate="1" branch-rate="1" complexity="NaN">
          <methods>
            <method name="EnumTextConverter" signature="()" line-rate="1" branch-rate="1">
              <lines>
                <line number="26" hits="8" branch="false" />
              </lines>
            </method>
          </methods>
          <lines>
            <line number="26" hits="8" branch="false" />
          </lines>
        </class>
        <class name="PropertyGridHelpers.Converters.OnlySelectableTypeConverter" filename="c:\agent\_work\11\s\Code\PropertyGridHelpers\Converters\OnlySelectableTypeConverter.cs" line-rate="1" branch-rate="1" complexity="NaN">
          <methods>
            <method name="ConvertFrom" signature="(System.ComponentModel.ITypeDescriptorContext, System.Globalization.CultureInfo, object)" line-rate="1" branch-rate="1">
              <lines>
                <line number="46" hits="8" branch="false" />
                <line number="51" hits="8" branch="false" />
                <line number="53" hits="8" branch="false" />
                <line number="55" hits="8" branch="false" />
                <line number="56" hits="8" branch="false" />
                <line number="58" hits="8" branch="false" />
                <line number="60" hits="8" branch="false" />
                <line number="62" hits="8" branch="false" />
                <line number="64" hits="8" branch="false" />
                <line number="65" hits="8" branch="false" />
              </lines>
            </method>
            <method name="GetStandardValuesSupported" signature="(System.ComponentModel.ITypeDescriptorContext)" line-rate="1" branch-rate="1">
              <lines>
                <line number="72" hits="8" branch="false" />
              </lines>
            </method>
            <method name="GetStandardValuesExclusive" signature="(System.ComponentModel.ITypeDescriptorContext)" line-rate="1" branch-rate="1">
              <lines>
                <line number="79" hits="8" branch="false" />
              </lines>
            </method>
            <method name="GetStandardValues" signature="(System.ComponentModel.ITypeDescriptorContext)" line-rate="1" branch-rate="1">
              <lines>
                <line number="87" hits="8" branch="false" />
                <line number="88" hits="8" branch="false" />
                <line number="89" hits="8" branch="false" />
                <line number="91" hits="6" branch="false" />
                <line number="93" hits="2" branch="false" />
                <line number="96" hits="8" branch="false" />
                <line number="97" hits="8" branch="false" />
                <line number="98" hits="8" branch="false" />
                <line number="100" hits="8" branch="false" />
                <line number="101" hits="8" branch="false" />
                <line number="102" hits="8" branch="false" />
                <line number="103" hits="8" branch="false" />
                <line number="107" hits="8" branch="false" />
                <line number="109" hits="8" branch="false" />
                <line number="113" hits="8" branch="false" />
                <line number="115" hits="8" branch="false" />
                <line number="116" hits="8" branch="false" />
                <line number="117" hits="8" branch="false" />
                <line number="119" hits="8" branch="false" />
                <line number="120" hits="8" branch="false" />
              </lines>
            </method>
          </methods>
          <lines>
            <line number="46" hits="8" branch="false" />
            <line number="51" hits="8" branch="false" />
            <line number="53" hits="8" branch="false" />
            <line number="55" hits="8" branch="false" />
            <line number="56" hits="8" branch="false" />
            <line number="58" hits="8" branch="false" />
            <line number="60" hits="8" branch="false" />
            <line number="62" hits="8" branch="false" />
            <line number="64" hits="8" branch="false" />
            <line number="65" hits="8" branch="false" />
            <line number="72" hits="8" branch="false" />
            <line number="79" hits="8" branch="false" />
            <line number="87" hits="8" branch="false" />
            <line number="88" hits="8" branch="false" />
            <line number="89" hits="8" branch="false" />
            <line number="91" hits="6" branch="false" />
            <line number="93" hits="2" branch="false" />
            <line number="96" hits="8" branch="false" />
            <line number="97" hits="8" branch="false" />
            <line number="98" hits="8" branch="false" />
            <line number="100" hits="8" branch="false" />
            <line number="101" hits="8" branch="false" />
            <line number="102" hits="8" branch="false" />
            <line number="103" hits="8" branch="false" />
            <line number="107" hits="8" branch="false" />
            <line number="109" hits="8" branch="false" />
            <line number="113" hits="8" branch="false" />
            <line number="115" hits="8" branch="false" />
            <line number="116" hits="8" branch="false" />
            <line number="117" hits="8" branch="false" />
            <line number="119" hits="8" branch="false" />
            <line number="120" hits="8" branch="false" />
          </lines>
        </class>
        <class name="PropertyGridHelpers.Converters.TypeConverter&lt;T&gt;" filename="c:\agent\_work\11\s\Code\PropertyGridHelpers\Converters\TypeConverter.cs" line-rate="1" branch-rate="1" complexity="NaN">
          <methods>
            <method name="CanConvertTo" signature="(System.ComponentModel.ITypeDescriptorContext, System.Type)" line-rate="1" branch-rate="1">
              <lines>
                <line number="23" hits="8" branch="false" />
              </lines>
            </method>
            <method name="ConvertTo" signature="(System.ComponentModel.ITypeDescriptorContext, System.Globalization.CultureInfo, object, System.Type)" line-rate="1" branch-rate="1">
              <lines>
                <line number="38" hits="8" branch="false" />
                <line number="39" hits="8" branch="false" />
                <line number="40" hits="8" branch="false" />
                <line number="41" hits="8" branch="false" />
                <line number="42" hits="8" branch="false" />
                <line number="44" hits="8" branch="false" />
                <line number="47" hits="8" branch="false" />
                <line number="48" hits="8" branch="false" />
              </lines>
            </method>
            <method name="CanConvertFrom" signature="(System.ComponentModel.ITypeDescriptorContext, System.Type)" line-rate="1" branch-rate="1">
              <lines>
                <line number="57" hits="8" branch="false" />
              </lines>
            </method>
            <method name="Dispose" signature="(bool)" line-rate="1" branch-rate="1">
              <lines>
                <line number="64" hits="8" branch="false" />
                <line number="65" hits="8" branch="false" />
                <line number="66" hits="8" branch="false" />
                <line number="67" hits="8" branch="false" />
                <line number="68" hits="8" branch="false" />
                <line number="70" hits="8" branch="false" />
                <line number="74" hits="8" branch="false" />
                <line number="75" hits="8" branch="false" />
                <line number="76" hits="8" branch="false" />
              </lines>
            </method>
            <method name="Dispose" signature="()" line-rate="1" branch-rate="1">
              <lines>
                <line number="89" hits="8" branch="false" />
                <line number="91" hits="8" branch="false" />
                <line number="92" hits="8" branch="false" />
                <line number="93" hits="8" branch="false" />
              </lines>
            </method>
          </methods>
          <lines>
            <line number="23" hits="8" branch="false" />
            <line number="38" hits="8" branch="false" />
            <line number="39" hits="8" branch="false" />
            <line number="40" hits="8" branch="false" />
            <line number="41" hits="8" branch="false" />
            <line number="42" hits="8" branch="false" />
            <line number="44" hits="8" branch="false" />
            <line number="47" hits="8" branch="false" />
            <line number="48" hits="8" branch="false" />
            <line number="57" hits="8" branch="false" />
            <line number="64" hits="8" branch="false" />
            <line number="65" hits="8" branch="false" />
            <line number="66" hits="8" branch="false" />
            <line number="67" hits="8" branch="false" />
            <line number="68" hits="8" branch="false" />
            <line number="70" hits="8" branch="false" />
            <line number="74" hits="8" branch="false" />
            <line number="75" hits="8" branch="false" />
            <line number="76" hits="8" branch="false" />
            <line number="89" hits="8" branch="false" />
            <line number="91" hits="8" branch="false" />
            <line number="92" hits="8" branch="false" />
            <line number="93" hits="8" branch="false" />
          </lines>
        </class>
        <class name="PropertyGridHelpers.PropertyDescriptors.LocalizedPropertyDescriptor" filename="c:\agent\_work\11\s\Code\PropertyGridHelpers\PropertyDescriptors\LocalizedPropertyDescriptor.cs" line-rate="1" branch-rate="1" complexity="NaN">
          <methods>
            <method name="LocalizedPropertyDescriptor" signature="(System.ComponentModel.PropertyDescriptor)" line-rate="1" branch-rate="1">
              <lines>
                <line number="33" hits="8" branch="false" />
                <line number="34" hits="8" branch="false" />
              </lines>
            </method>
            <method name="Category" signature="()" line-rate="1" branch-rate="1" complexity="NaN">
              <lines>
                <line number="43" hits="8" branch="false" />
              </lines>
            </method>
            <method name="Description" signature="()" line-rate="1" branch-rate="1" complexity="NaN">
              <lines>
                <line number="52" hits="8" branch="false" />
              </lines>
            </method>
            <method name="DisplayName" signature="()" line-rate="1" branch-rate="1" complexity="NaN">
              <lines>
                <line number="61" hits="8" branch="false" />
              </lines>
            </method>
            <method name="GetLocalizedString&lt;T&gt;" signature="(string)" line-rate="1" branch-rate="1">
[...]
                <line number="437" hits="8" branch="false" />
              </lines>
            </method>
            <method name="Dispose" signature="(bool)" line-rate="1" branch-rate="1">
              <lines>
                <line number="471" hits="8" branch="false" />
                <line number="472" hits="8" branch="false" />
                <line number="473" hits="8" branch="false" />
                <line number="474" hits="8" branch="false" />
                <line number="475" hits="8" branch="false" />
                <line number="476" hits="8" branch="false" />
                <line number="478" hits="8" branch="false" />
                <line number="479" hits="8" branch="false" />
                <line number="480" hits="8" branch="false" />
              </lines>
            </method>
            <method name="Dispose" signature="()" line-rate="1" branch-rate="1">
              <lines>
                <line number="493" hits="8" branch="false" />
                <line number="495" hits="8" branch="false" />
                <line number="496" hits="8" branch="false" />
                <line number="497" hits="8" branch="false" />
              </lines>
            </method>
          </methods>
          <lines>
            <line number="45" hits="8" branch="false" />
            <line number="53" hits="8" branch="false" />
            <line number="64" hits="8" branch="false" />
            <line number="75" hits="8" branch="false" />
            <line number="76" hits="8" branch="false" />
            <line number="77" hits="8" branch="false" />
            <line number="78" hits="8" branch="false" />
            <line number="79" hits="8" branch="false" />
            <line number="86" hits="8" branch="false" />
            <line number="87" hits="8" branch="false" />
            <line number="88" hits="8" branch="false" />
            <line number="89" hits="8" branch="false" />
            <line number="90" hits="8" branch="false" />
            <line number="101" hits="8" branch="false" />
            <line number="102" hits="8" branch="false" />
            <line number="103" hits="8" branch="false" />
            <line number="104" hits="8" branch="false" />
            <line number="105" hits="8" branch="false" />
            <line number="112" hits="8" branch="false" />
            <line number="116" hits="8" branch="false" />
            <line number="118" hits="8" branch="false" />
            <line number="119" hits="8" branch="false" />
            <line number="120" hits="8" branch="false" />
            <line number="121" hits="8" branch="false" />
            <line number="149" hits="8" branch="false" />
            <line number="154" hits="8" branch="false" />
            <line number="155" hits="8" branch="false" />
            <line number="158" hits="8" branch="false" />
            <line number="160" hits="8" branch="false" />
            <line number="161" hits="8" branch="false" />
            <line number="162" hits="8" branch="false" />
            <line number="163" hits="8" branch="false" />
            <line number="164" hits="8" branch="false" />
            <line number="166" hits="8" branch="false" />
            <line number="169" hits="8" branch="false" />
            <line number="170" hits="8" branch="false" />
            <line number="171" hits="8" branch="false" />
            <line number="174" hits="8" branch="false" />
            <line number="175" hits="8" branch="false" />
            <line number="176" hits="8" branch="false" />
            <line number="178" hits="8" branch="false" />
            <line number="179" hits="8" branch="false" />
            <line number="182" hits="8" branch="false" />
            <line number="185" hits="8" branch="false" />
            <line number="187" hits="8" branch="false" />
            <line number="188" hits="8" branch="false" />
            <line number="189" hits="8" branch="false" />
            <line number="190" hits="8" branch="false" />
            <line number="192" hits="8" branch="false" />
            <line number="195" hits="8" branch="false" />
            <line number="196" hits="8" branch="false" />
            <line number="198" hits="8" branch="false" />
            <line number="201" hits="8" branch="false" />
            <line number="202" hits="8" branch="false" />
            <line number="221" hits="8" branch="false" />
            <line number="225" hits="8" branch="false" />
            <line number="227" hits="8" branch="false" />
            <line number="228" hits="8" branch="false" />
            <line number="229" hits="8" branch="false" />
            <line number="230" hits="8" branch="false" />
            <line number="231" hits="8" branch="false" />
            <line number="233" hits="8" branch="false" />
            <line number="235" hits="8" branch="false" />
            <line number="239" hits="8" branch="false" />
            <line number="241" hits="8" branch="false" />
            <line number="243" hits="8" branch="false" />
            <line number="244" hits="8" branch="false" />
            <line number="283" hits="8" branch="false" />
            <line number="287" hits="8" branch="false" />
            <line number="289" hits="8" branch="false" />
            <line number="290" hits="8" branch="false" />
            <line number="293" hits="8" branch="false" />
            <line number="294" hits="8" branch="false" />
            <line number="295" hits="8" branch="false" />
            <line number="296" hits="8" branch="false" />
            <line number="297" hits="8" branch="false" />
            <line number="298" hits="8" branch="false" />
            <line number="299" hits="8" branch="false" />
            <line number="306" hits="8" branch="false" />
            <line number="307" hits="8" branch="false" />
            <line number="308" hits="8" branch="false" />
            <line number="310" hits="8" branch="false" />
            <line number="311" hits="8" branch="false" />
            <line number="312" hits="8" branch="false" />
            <line number="314" hits="8" branch="false" />
            <line number="316" hits="8" branch="false" />
            <line number="317" hits="8" branch="false" />
            <line number="318" hits="8" branch="false" />
            <line number="319" hits="8" branch="false" />
            <line number="320" hits="8" branch="false" />
            <line number="321" hits="8" branch="false" />
            <line number="322" hits="8" branch="false" />
            <line number="325" hits="8" branch="false" />
            <line number="326" hits="8" branch="false" />
            <line number="327" hits="8" branch="false" />
            <line number="328" hits="8" branch="false" />
            <line number="330" hits="8" branch="false" />
            <line number="331" hits="8" branch="false" />
            <line number="333" hits="8" branch="false" />
            <line number="334" hits="8" branch="false" />
            <line number="336" hits="8" branch="false" />
            <line number="337" hits="8" branch="false" />
            <line number="339" hits="8" branch="false" />
            <line number="340" hits="8" branch="false" />
            <line number="365" hits="8" branch="false" />
            <line number="369" hits="8" branch="false" />
            <line number="371" hits="8" branch="false" />
            <line number="372" hits="8" branch="false" />
            <line number="376" hits="8" branch="false" />
            <line number="378" hits="8" branch="false" />
            <line number="380" hits="8" branch="false" />
            <line number="381" hits="8" branch="false" />
            <line number="382" hits="8" branch="false" />
            <line number="383" hits="8" branch="false" />
            <line number="384" hits="8" branch="false" />
            <line number="387" hits="8" branch="false" />
            <line number="389" hits="8" branch="false" />
            <line number="390" hits="8" branch="false" />
            <line number="398" hits="8" branch="false" />
            <line number="400" hits="8" branch="false" />
            <line number="405" hits="8" branch="false" />
            <line number="407" hits="8" branch="false" />
            <line number="408" hits="8" branch="false" />
            <line number="419" hits="8" branch="false" />
            <line number="420" hits="8" branch="false" />
            <line number="421" hits="8" branch="false" />
            <line number="423" hits="8" branch="false" />
            <line number="424" hits="8" branch="false" />
            <line number="425" hits="8" branch="false" />
            <line number="426" hits="8" branch="false" />
            <line number="427" hits="8" branch="false" />
            <line number="429" hits="8" branch="false" />
            <line number="430" hits="8" branch="false" />
            <line number="431" hits="8" branch="false" />
            <line number="432" hits="8" branch="false" />
            <line number="434" hits="8" branch="false" />
            <line number="435" hits="8" branch="false" />
            <line number="436" hits="8" branch="false" />
            <line number="437" hits="8" branch="false" />
            <line number="471" hits="8" branch="false" />
            <line number="472" hits="8" branch="false" />
            <line number="473" hits="8" branch="false" />
            <line number="474" hits="8" branch="false" />
            <line number="475" hits="8" branch="false" />
            <line number="476" hits="8" branch="false" />
            <line number="478" hits="8" branch="false" />
            <line number="479" hits="8" branch="false" />
            <line number="480" hits="8" branch="false" />
            <line number="493" hits="8" branch="false" />
            <line number="495" hits="8" branch="false" />
            <line number="496" hits="8" branch="false" />
            <line number="497" hits="8" branch="false" />
          </lines>
        </class>
        <class name="PropertyGridHelpers.UIEditors.ImageTextUIEditor&lt;T&gt;" filename="c:\agent\_work\11\s\Code\PropertyGridHelpers\UIEditors\ImageTextUIEditorT.cs" line-rate="1" branch-rate="1" complexity="NaN">
          <methods>
            <method name="ImageTextUIEditor" signature="()" line-rate="1" branch-rate="1">
              <lines>
                <line number="75" hits="8" branch="false" />
              </lines>
            </method>
            <method name="ImageTextUIEditor" signature="(string)" line-rate="1" branch-rate="1">
              <lines>
                <line number="81" hits="8" branch="false" />
              </lines>
            </method>
          </methods>
          <lines>
            <line number="75" hits="8" branch="false" />
            <line number="81" hits="8" branch="false" />
          </lines>
        </class>
        <class name="PropertyGridHelpers.UIEditors.ResourcePathEditor" filename="c:\agent\_work\11\s\Code\PropertyGridHelpers\UIEditors\ResourcePathEditor.cs" line-rate="1" branch-rate="1" complexity="NaN">
          <methods>
            <method name="ResourcePathEditor" signature="()" line-rate="1" branch-rate="1">
              <lines>
                <line number="44" hits="8" branch="false" />
                <line number="45" hits="8" branch="false" />
                <line number="46" hits="8" branch="false" />
                <line number="47" hits="8" branch="false" />
                <line number="48" hits="8" branch="false" />
                <line number="49" hits="8" branch="false" />
                <line number="50" hits="8" branch="false" />
                <line number="51" hits="8" branch="false" />
                <line number="52" hits="8" branch="false" />
              </lines>
            </method>
            <method name="ResourcePathEditor" signature="(PropertyGridHelpers.Support.IResourceBaseNameExtractor)" line-rate="1" branch-rate="1">
              <lines>
                <line number="59" hits="8" branch="false" />
                <line number="60" hits="8" branch="false" />
              </lines>
            </method>
            <method name="EditValue" signature="(System.ComponentModel.ITypeDescriptorContext, System.IServiceProvider, object)" line-rate="1" branch-rate="1">
              <lines>
                <line number="73" hits="8" branch="false" />
                <line number="74" hits="8" branch="false" />
                <line number="75" hits="8" branch="false" />
                <line number="76" hits="8" branch="false" />
                <line number="77" hits="8" branch="false" />
                <line number="78" hits="8" branch="false" />
                <line number="79" hits="8" branch="false" />
                <line number="80" hits="8" branch="false" />
                <line number="81" hits="8" branch="false" />
                <line number="84" hits="8" branch="false" />
                <line number="86" hits="8" branch="false" />
                <line number="87" hits="8" branch="false" />
                <line number="89" hits="8" branch="false" />
                <line number="90" hits="8" branch="false" />
                <line number="91" hits="8" branch="false" />
                <line number="93" hits="8" branch="false" />
                <line number="95" hits="8" branch="false" />
                <line number="97" hits="8" branch="false" />
                <line number="98" hits="8" branch="false" />
                <line number="99" hits="8" branch="false" />
                <line number="100" hits="8" branch="false" />
                <line number="101" hits="8" branch="false" />
                <line number="103" hits="8" branch="false" />
                <line number="104" hits="8" branch="false" />
              </lines>
            </method>
            <method name="GetEditStyle" signature="(System.ComponentModel.ITypeDescriptorContext)" line-rate="1" branch-rate="1">
              <lines>
                <line number="112" hits="8" branch="false" />
              </lines>
            </method>
            <method name="GetPaintValueSupported" signature="(System.ComponentModel.ITypeDescriptorContext)" line-rate="1" branch-rate="1">
              <lines>
                <line number="120" hits="8" branch="false" />
              </lines>
            </method>
            <method name="IsDropDownResizable" signature="()" line-rate="1" branch-rate="1" complexity="NaN">
              <lines>
                <line number="128" hits="8" branch="false" />
              </lines>
            </method>
            <method name="CreateListBox" signature="(System.Collections.Generic.IList&lt;string&gt;, bool, string, object)" line-rate="1" branch-rate="1">
              <lines>
                <line number="143" hits="8" branch="false" />
                <line number="144" hits="8" branch="false" />
                <line number="145" hits="8" branch="false" />
                <line number="146" hits="8" branch="false" />
                <line number="147" hits="8" branch="false" />
                <line number="148" hits="8" branch="false" />
                <line number="149" hits="8" branch="false" />
                <line number="150" hits="8" branch="false" />
                <line number="152" hits="8" branch="false" />
                <line number="153" hits="8" branch="false" />
                <line number="154" hits="8" branch="false" />
                <line number="155" hits="8" branch="false" />
                <line number="156" hits="8" branch="false" />
                <line number="158" hits="8" branch="false" />
                <line number="159" hits="8" branch="false" />
                <line number="160" hits="8" branch="false" />
                <line number="161" hits="8" branch="false" />
                <line number="163" hits="8" branch="false" />
                <line number="164" hits="8" branch="false" />
                <line number="165" hits="8" branch="false" />
              </lines>
            </method>
          </methods>
          <lines>
            <line number="44" hits="8" branch="false" />
            <line number="45" hits="8" branch="false" />
            <line number="46" hits="8" branch="false" />
            <line number="47" hits="8" branch="false" />
            <line number="48" hits="8" branch="false" />
            <line number="49" hits="8" branch="false" />
            <line number="50" hits="8" branch="false" />
            <line number="51" hits="8" branch="false" />
            <line number="52" hits="8" branch="false" />
            <line number="59" hits="8" branch="false" />
            <line number="60" hits="8" branch="false" />
            <line number="73" hits="8" branch="false" />
            <line number="74" hits="8" branch="false" />
            <line number="75" hits="8" branch="false" />
            <line number="76" hits="8" branch="false" />
            <line number="77" hits="8" branch="false" />
            <line number="78" hits="8" branch="false" />
            <line number="79" hits="8" branch="false" />
            <line number="80" hits="8" branch="false" />
            <line number="81" hits="8" branch="false" />
            <line number="84" hits="8" branch="false" />
            <line number="86" hits="8" branch="false" />
            <line number="87" hits="8" branch="false" />
            <line number="89" hits="8" branch="false" />
            <line number="90" hits="8" branch="false" />
            <line number="91" hits="8" branch="false" />
            <line number="93" hits="8" branch="false" />
            <line number="95" hits="8" branch="false" />
            <line number="97" hits="8" branch="false" />
            <line number="98" hits="8" branch="false" />
            <line number="99" hits="8" branch="false" />
            <line number="100" hits="8" branch="false" />
            <line number="101" hits="8" branch="false" />
            <line number="103" hits="8" branch="false" />
            <line number="104" hits="8" branch="false" />
            <line number="112" hits="8" branch="false" />
            <line number="120" hits="8" branch="false" />
            <line number="128" hits="8" branch="false" />
            <line number="143" hits="8" branch="false" />
            <line number="144" hits="8" branch="false" />
            <line number="145" hits="8" branch="false" />
            <line number="146" hits="8" branch="false" />
            <line number="147" hits="8" branch="false" />
            <line number="148" hits="8" branch="false" />
            <line number="149" hits="8" branch="false" />
            <line number="150" hits="8" branch="false" />
            <line number="152" hits="8" branch="false" />
            <line number="153" hits="8" branch="false" />
            <line number="154" hits="8" branch="false" />
            <line number="155" hits="8" branch="false" />
            <line number="156" hits="8" branch="false" />
            <line number="158" hits="8" branch="false" />
            <line number="159" hits="8" branch="false" />
            <line number="160" hits="8" branch="false" />
            <line number="161" hits="8" branch="false" />
            <line number="163" hits="8" branch="false" />
            <line number="164" hits="8" branch="false" />
            <line number="165" hits="8" branch="false" />
          </lines>
        </class>
      </classes>
    </package>
  </packages>
</coverage>